AAAA
None
AAAC
None
AAAG
None
AAAT
None
AACA
None
AACC
None
AACG
None
AACT
None
AAGA
None
AAGC
None
AAGG
None
AAGT
None
AATA
None
AATC
None
AATG
None
AATT
None
ACAA
None
ACAC
None
ACAG
None
ACAT
None
ACCA
None
ACCC
None
ACCG
None
ACCT
None
ACGA
None
ACGC
None
ACGG
None
ACGT
('ACGT', 1, 1.0, 0.0)
ACTA
None
ACTC
None
ACTG
None
ACTT
None
AGAA
None
AGAC
None
AGAG
None
AGAT
None
AGCA
None
AGCC
None
AGCG
None
AGCT
None
AGGA
None
AGGC
None
AGGG
None
AGGT
None
AGTA
None
AGTC
None
AGTG
None
AGTT
None
ATAA
None
ATAC
None
ATAG
None
ATAT
None
ATCA
None
ATCC
None
ATCG
None
ATCT
None
ATGA
None
ATGC
None
ATGG
None
ATGT
None
ATTA
None
ATTC
None
ATTG
None
ATTT
None
CAAA
None
CAAC
None
CAAG
None
CAAT
None
CACA
None
CACC
None
CACG
None
CACT
None
CAGA
None
CAGC
None
CAGG
None
CAGT
None
CATA
None
CATC
None
CATG
None
CATT
None
CCAA
None
CCAC
None
CCAG
None
CCAT
None
CCCA
None
CCCC
None
CCCG
None
CCCT
None
CCGA
None
CCGC
None
CCGG
None
CCGT
None
CCTA
None
CCTC
None
CCTG
None
CCTT
None
CGAA
None
CGAC
None
CGAG
None
CGAT
None
CGCA
None
CGCC
None
CGCG
None
CGCT
None
CGGA
None
CGGC
None
CGGG
None
CGGT
None
CGTA
None
CGTC
None
CGTG
None
CGTT
None
CTAA
None
CTAC
None
CTAG
None
CTAT
None
CTCA
None
CTCC
None
CTCG
None
CTCT
None
CTGA
None
CTGC
None
CTGG
None
CTGT
None
CTTA
None
CTTC
None
CTTG
None
CTTT
None
GAAA
None
GAAC
None
GAAG
None
GAAT
None
GACA
None
GACC
None
GACG
None
GACT
None
GAGA
None
GAGC
None
GAGG
None
GAGT
None
GATA
None
GATC
None
GATG
None
GATT
None
GCAA
None
GCAC
None
GCAG
None
GCAT
None
GCCA
None
GCCC
None
GCCG
None
GCCT
None
GCGA
None
GCGC
None
GCGG
None
GCGT
None
GCTA
None
GCTC
None
GCTG
None
GCTT
None
GGAA
None
GGAC
None
GGAG
None
GGAT
None
GGCA
None
GGCC
None
GGCG
None
GGCT
None
GGGA
None
GGGC
None
GGGG
None
GGGT
None
GGTA
None
GGTC
None
GGTG
None
GGTT
None
GTAA
None
GTAC
None
GTAG
None
GTAT
None
GTCA
None
GTCC
None
GTCG
None
GTCT
None
GTGA
None
GTGC
None
GTGG
None
GTGT
None
GTTA
None
GTTC
None
GTTG
None
GTTT
None
TAAA
None
TAAC
None
TAAG
None
TAAT
None
TACA
None
TACC
None
TACG
None
TACT
None
TAGA
None
TAGC
None
TAGG
None
TAGT
None
TATA
None
TATC
None
TATG
None
TATT
None
TCAA
None
TCAC
None
TCAG
None
TCAT
None
TCCA
None
TCCC
None
TCCG
None
TCCT
None
TCGA
None
TCGC
None
TCGG
None
TCGT
None
TCTA
None
TCTC
None
TCTG
None
TCTT
None
TGAA
None
TGAC
None
TGAG
None
TGAT
None
TGCA
None
TGCC
None
TGCG
None
TGCT
None
TGGA
None
TGGC
None
TGGG
None
TGGT
None
TGTA
None
TGTC
None
TGTG
None
TGTT
None
TTAA
None
TTAC
None
TTAG
None
TTAT
None
TTCA
None
TTCC
None
TTCG
None
TTCT
None
TTGA
None
TTGC
None
TTGG
None
TTGT
None
TTTA
None
TTTC
None
TTTG
None
TTTT
('TTTT', 1, 1.3333333333333333, -0.31622776601683783)
AAAAA
None
AAAAC
None
AAAAG
None
AAAAT
None
AAACA
None
AAACC
None
AAACG
None
AAACT
None
AAAGA
None
AAAGC
None
AAAGG
None
AAAGT
None
AAATA
None
AAATC
None
AAATG
None
AAATT
None
AACAA
None
AACAC
None
AACAG
None
AACAT
None
AACCA
None
AACCC
None
AACCG
None
AACCT
None
AACGA
None
AACGC
None
AACGG
None
AACGT
None
AACTA
None
AACTC
None
AACTG
None
AACTT
None
AAGAA
None
AAGAC
None
AAGAG
None
AAGAT
None
AAGCA
None
AAGCC
None
AAGCG
None
AAGCT
None
AAGGA
None
AAGGC
None
AAGGG
None
AAGGT
None
AAGTA
None
AAGTC
None
AAGTG
None
AAGTT
None
AATAA
None
AATAC
None
AATAG
None
AATAT
None
AATCA
None
AATCC
None
AATCG
None
AATCT
None
AATGA
None
AATGC
None
AATGG
None
AATGT
None
AATTA
None
AATTC
None
AATTG
None
AATTT
None
ACAAA
None
ACAAC
None
ACAAG
None
ACAAT
None
ACACA
None
ACACC
None
ACACG
None
ACACT
None
ACAGA
None
ACAGC
None
ACAGG
None
ACAGT
None
ACATA
None
ACATC
None
ACATG
None
ACATT
None
ACCAA
None
ACCAC
None
ACCAG
None
ACCAT
None
ACCCA
None
ACCCC
None
ACCCG
None
ACCCT
None
ACCGA
None
ACCGC
None
ACCGG
None
ACCGT
None
ACCTA
None
ACCTC
None
ACCTG
None
ACCTT
None
ACGAA
None
ACGAC
None
ACGAG
None
ACGAT
None
ACGCA
None
ACGCC
None
ACGCG
None
ACGCT
None
ACGGA
None
ACGGC
None
ACGGG
None
ACGGT
None
ACGTA
None
ACGTC
None
ACGTG
None
ACGTT
None
ACTAA
None
ACTAC
None
ACTAG
None
ACTAT
None
ACTCA
None
ACTCC
None
ACTCG
None
ACTCT
None
ACTGA
None
ACTGC
None
ACTGG
None
ACTGT
None
ACTTA
None
ACTTC
None
ACTTG
None
ACTTT
None
AGAAA
None
AGAAC
None
AGAAG
None
AGAAT
None
AGACA
None
AGACC
None
AGACG
None
AGACT
None
AGAGA
None
AGAGC
None
AGAGG
None
AGAGT
None
AGATA
None
AGATC
None
AGATG
None
AGATT
None
AGCAA
None
AGCAC
None
AGCAG
None
AGCAT
None
AGCCA
None
AGCCC
None
AGCCG
None
AGCCT
None
AGCGA
None
AGCGC
None
AGCGG
None
AGCGT
None
AGCTA
None
AGCTC
None
AGCTG
None
AGCTT
None
AGGAA
None
AGGAC
None
AGGAG
None
AGGAT
None
AGGCA
None
AGGCC
None
AGGCG
None
AGGCT
None
AGGGA
None
AGGGC
None
AGGGG
None
AGGGT
None
AGGTA
None
AGGTC
None
AGGTG
None
AGGTT
None
AGTAA
None
AGTAC
None
AGTAG
None
AGTAT
None
AGTCA
None
AGTCC
None
AGTCG
None
AGTCT
None
AGTGA
None
AGTGC
None
AGTGG
None
AGTGT
None
AGTTA
None
AGTTC
None
AGTTG
None
AGTTT
None
ATAAA
None
ATAAC
None
ATAAG
None
ATAAT
None
ATACA
None
ATACC
None
ATACG
None
ATACT
None
ATAGA
None
ATAGC
None
ATAGG
None
ATAGT
None
ATATA
None
ATATC
None
ATATG
None
ATATT
None
ATCAA
None
ATCAC
None
ATCAG
None
ATCAT
None
ATCCA
None
ATCCC
None
ATCCG
None
ATCCT
None
ATCGA
None
ATCGC
None
ATCGG
None
ATCGT
None
ATCTA
None
ATCTC
None
ATCTG
None
ATCTT
None
ATGAA
None
ATGAC
None
ATGAG
None
ATGAT
None
ATGCA
None
ATGCC
None
ATGCG
None
ATGCT
None
ATGGA
None
ATGGC
None
ATGGG
None
ATGGT
None
ATGTA
None
ATGTC
None
ATGTG
None
ATGTT
None
ATTAA
None
ATTAC
None
ATTAG
None
ATTAT
None
ATTCA
None
ATTCC
None
ATTCG
None
ATTCT
None
ATTGA
None
ATTGC
None
ATTGG
None
ATTGT
None
ATTTA
None
ATTTC
None
ATTTG
None
ATTTT
None
CAAAA
None
CAAAC
None
CAAAG
None
CAAAT
None
CAACA
None
CAACC
None
CAACG
None
CAACT
None
CAAGA
None
CAAGC
None
CAAGG
None
CAAGT
None
CAATA
None
CAATC
None
CAATG
None
CAATT
None
CACAA
None
CACAC
None
CACAG
None
CACAT
None
CACCA
None
CACCC
None
CACCG
None
CACCT
None
CACGA
None
CACGC
None
CACGG
None
CACGT
None
CACTA
None
CACTC
None
CACTG
None
CACTT
None
CAGAA
None
CAGAC
None
CAGAG
None
CAGAT
None
CAGCA
None
CAGCC
None
CAGCG
None
CAGCT
None
CAGGA
None
CAGGC
None
CAGGG
None
CAGGT
None
CAGTA
None
CAGTC
None
CAGTG
None
CAGTT
None
CATAA
None
CATAC
None
CATAG
None
CATAT
None
CATCA
None
CATCC
None
CATCG
None
CATCT
None
CATGA
None
CATGC
None
CATGG
None
CATGT
None
CATTA
None
CATTC
None
CATTG
None
CATTT
None
CCAAA
None
CCAAC
None
CCAAG
None
CCAAT
None
CCACA
None
CCACC
None
CCACG
None
CCACT
None
CCAGA
None
CCAGC
None
CCAGG
None
CCAGT
None
CCATA
None
CCATC
None
CCATG
None
CCATT
None
CCCAA
None
CCCAC
None
CCCAG
None
CCCAT
None
CCCCA
None
CCCCC
None
CCCCG
None
CCCCT
None
CCCGA
None
CCCGC
None
CCCGG
None
CCCGT
None
CCCTA
None
CCCTC
None
CCCTG
None
CCCTT
None
CCGAA
None
CCGAC
None
CCGAG
None
CCGAT
None
CCGCA
None
CCGCC
None
CCGCG
None
CCGCT
None
CCGGA
None
CCGGC
None
CCGGG
None
CCGGT
None
CCGTA
None
CCGTC
None
CCGTG
None
CCGTT
None
CCTAA
None
CCTAC
None
CCTAG
None
CCTAT
None
CCTCA
None
CCTCC
None
CCTCG
None
CCTCT
None
CCTGA
None
CCTGC
None
CCTGG
None
CCTGT
None
CCTTA
None
CCTTC
None
CCTTG
None
CCTTT
None
CGAAA
None
CGAAC
None
CGAAG
None
CGAAT
None
CGACA
None
CGACC
None
CGACG
None
CGACT
None
CGAGA
None
CGAGC
None
CGAGG
None
CGAGT
None
CGATA
None
CGATC
None
CGATG
None
CGATT
None
CGCAA
None
CGCAC
None
CGCAG
None
CGCAT
None
CGCCA
None
CGCCC
None
CGCCG
None
CGCCT
None
CGCGA
None
CGCGC
None
CGCGG
None
CGCGT
None
CGCTA
None
CGCTC
None
CGCTG
None
CGCTT
None
CGGAA
None
CGGAC
None
CGGAG
None
CGGAT
None
CGGCA
None
CGGCC
None
CGGCG
None
CGGCT
None
CGGGA
None
CGGGC
None
CGGGG
None
CGGGT
None
CGGTA
None
CGGTC
None
CGGTG
None
CGGTT
None
CGTAA
None
CGTAC
None
CGTAG
None
CGTAT
None
CGTCA
None
CGTCC
None
CGTCG
None
CGTCT
None
CGTGA
None
CGTGC
None
CGTGG
None
CGTGT
None
CGTTA
None
CGTTC
None
CGTTG
None
CGTTT
None
CTAAA
None
CTAAC
None
CTAAG
None
CTAAT
None
CTACA
None
CTACC
None
CTACG
None
CTACT
None
CTAGA
None
CTAGC
None
CTAGG
None
CTAGT
None
CTATA
None
CTATC
None
CTATG
None
CTATT
None
CTCAA
None
CTCAC
None
CTCAG
None
CTCAT
None
CTCCA
None
CTCCC
None
CTCCG
None
CTCCT
None
CTCGA
None
CTCGC
None
CTCGG
None
CTCGT
None
CTCTA
None
CTCTC
None
CTCTG
None
CTCTT
None
CTGAA
None
CTGAC
None
CTGAG
None
CTGAT
None
CTGCA
None
CTGCC
None
CTGCG
None
CTGCT
None
CTGGA
None
CTGGC
None
CTGGG
None
CTGGT
None
CTGTA
None
CTGTC
None
CTGTG
None
CTGTT
None
CTTAA
None
CTTAC
None
CTTAG
None
CTTAT
None
CTTCA
None
CTTCC
None
CTTCG
None
CTTCT
None
CTTGA
None
CTTGC
None
CTTGG
None
CTTGT
None
CTTTA
None
CTTTC
None
CTTTG
None
CTTTT
None
GAAAA
None
GAAAC
None
GAAAG
None
GAAAT
None
GAACA
None
GAACC
None
GAACG
None
GAACT
None
GAAGA
None
GAAGC
None
GAAGG
None
GAAGT
None
GAATA
None
GAATC
None
GAATG
None
GAATT
None
GACAA
None
GACAC
None
GACAG
None
GACAT
None
GACCA
None
GACCC
None
GACCG
None
GACCT
None
GACGA
None
GACGC
None
GACGG
None
GACGT
None
GACTA
None
GACTC
None
GACTG
None
GACTT
None
GAGAA
None
GAGAC
None
GAGAG
None
GAGAT
None
GAGCA
None
GAGCC
None
GAGCG
None
GAGCT
None
GAGGA
None
GAGGC
None
GAGGG
None
GAGGT
None
GAGTA
None
GAGTC
None
GAGTG
None
GAGTT
None
GATAA
None
GATAC
None
GATAG
None
GATAT
None
GATCA
None
GATCC
None
GATCG
None
GATCT
None
GATGA
None
GATGC
None
GATGG
None
GATGT
None
GATTA
None
GATTC
None
GATTG
None
GATTT
None
GCAAA
None
GCAAC
None
GCAAG
None
GCAAT
None
GCACA
None
GCACC
None
GCACG
None
GCACT
None
GCAGA
None
GCAGC
None
GCAGG
None
GCAGT
None
GCATA
None
GCATC
None
GCATG
None
GCATT
None
GCCAA
None
GCCAC
None
GCCAG
None
GCCAT
None
GCCCA
None
GCCCC
None
GCCCG
None
GCCCT
None
GCCGA
None
GCCGC
None
GCCGG
None
GCCGT
None
GCCTA
None
GCCTC
None
GCCTG
None
GCCTT
None
GCGAA
None
GCGAC
None
GCGAG
None
GCGAT
None
GCGCA
None
GCGCC
None
GCGCG
None
GCGCT
None
GCGGA
None
GCGGC
None
GCGGG
None
GCGGT
None
GCGTA
None
GCGTC
None
GCGTG
None
GCGTT
None
GCTAA
None
GCTAC
None
GCTAG
None
GCTAT
None
GCTCA
None
GCTCC
None
GCTCG
None
GCTCT
None
GCTGA
None
GCTGC
None
GCTGG
None
GCTGT
None
GCTTA
None
GCTTC
None
GCTTG
None
GCTTT
None
GGAAA
None
GGAAC
None
GGAAG
None
GGAAT
None
GGACA
None
GGACC
None
GGACG
None
GGACT
None
GGAGA
None
GGAGC
None
GGAGG
None
GGAGT
None
GGATA
None
GGATC
None
GGATG
None
GGATT
None
GGCAA
None
GGCAC
None
GGCAG
None
GGCAT
None
GGCCA
None
GGCCC
None
GGCCG
None
GGCCT
None
GGCGA
None
GGCGC
None
GGCGG
None
GGCGT
None
GGCTA
None
GGCTC
None
GGCTG
None
GGCTT
None
GGGAA
None
GGGAC
None
GGGAG
None
GGGAT
None
GGGCA
None
GGGCC
None
GGGCG
None
GGGCT
None
GGGGA
None
GGGGC
None
GGGGG
None
GGGGT
None
GGGTA
None
GGGTC
None
GGGTG
None
GGGTT
None
GGTAA
None
GGTAC
None
GGTAG
None
GGTAT
None
GGTCA
None
GGTCC
None
GGTCG
None
GGTCT
None
GGTGA
None
GGTGC
None
GGTGG
None
GGTGT
None
GGTTA
None
GGTTC
None
GGTTG
None
GGTTT
None
GTAAA
None
GTAAC
None
GTAAG
None
GTAAT
None
GTACA
None
GTACC
None
GTACG
None
GTACT
None
GTAGA
None
GTAGC
None
GTAGG
None
GTAGT
None
GTATA
None
GTATC
None
GTATG
None
GTATT
None
GTCAA
None
GTCAC
None
GTCAG
None
GTCAT
None
GTCCA
None
GTCCC
None
GTCCG
None
GTCCT
None
GTCGA
None
GTCGC
None
GTCGG
None
GTCGT
None
GTCTA
None
GTCTC
None
GTCTG
None
GTCTT
None
GTGAA
None
GTGAC
None
GTGAG
None
GTGAT
None
GTGCA
None
GTGCC
None
GTGCG
None
GTGCT
None
GTGGA
None
GTGGC
None
GTGGG
None
GTGGT
None
GTGTA
None
GTGTC
None
GTGTG
None
GTGTT
None
GTTAA
None
GTTAC
None
GTTAG
None
GTTAT
None
GTTCA
None
GTTCC
None
GTTCG
None
GTTCT
None
GTTGA
None
GTTGC
None
GTTGG
None
GTTGT
None
GTTTA
None
GTTTC
None
GTTTG
None
GTTTT
None
TAAAA
None
TAAAC
None
TAAAG
None
TAAAT
None
TAACA
None
TAACC
None
TAACG
None
TAACT
None
TAAGA
None
TAAGC
None
TAAGG
None
TAAGT
None
TAATA
None
TAATC
None
TAATG
None
TAATT
None
TACAA
None
TACAC
None
TACAG
None
TACAT
None
TACCA
None
TACCC
None
TACCG
None
TACCT
None
TACGA
None
TACGC
None
TACGG
None
TACGT
None
TACTA
None
TACTC
None
TACTG
None
TACTT
None
TAGAA
None
TAGAC
None
TAGAG
None
TAGAT
None
TAGCA
None
TAGCC
None
TAGCG
None
TAGCT
None
TAGGA
None
TAGGC
None
TAGGG
None
TAGGT
None
TAGTA
None
TAGTC
None
TAGTG
None
TAGTT
None
TATAA
None
TATAC
None
TATAG
None
TATAT
None
TATCA
None
TATCC
None
TATCG
None
TATCT
None
TATGA
None
TATGC
None
TATGG
None
TATGT
None
TATTA
None
TATTC
None
TATTG
None
TATTT
None
TCAAA
None
TCAAC
None
TCAAG
None
TCAAT
None
TCACA
None
TCACC
None
TCACG
None
TCACT
None
TCAGA
None
TCAGC
None
TCAGG
None
TCAGT
None
TCATA
None
TCATC
None
TCATG
None
TCATT
None
TCCAA
None
TCCAC
None
TCCAG
None
TCCAT
None
TCCCA
None
TCCCC
None
TCCCG
None
TCCCT
None
TCCGA
None
TCCGC
None
TCCGG
None
TCCGT
None
TCCTA
None
TCCTC
None
TCCTG
None
TCCTT
None
TCGAA
None
TCGAC
None
TCGAG
None
TCGAT
None
TCGCA
None
TCGCC
None
TCGCG
None
TCGCT
None
TCGGA
None
TCGGC
None
TCGGG
None
TCGGT
None
TCGTA
None
TCGTC
None
TCGTG
None
TCGTT
None
TCTAA
None
TCTAC
None
TCTAG
None
TCTAT
None
TCTCA
None
TCTCC
None
TCTCG
None
TCTCT
None
TCTGA
None
TCTGC
None
TCTGG
None
TCTGT
None
TCTTA
None
TCTTC
None
TCTTG
None
TCTTT
None
TGAAA
None
TGAAC
None
TGAAG
None
TGAAT
None
TGACA
None
TGACC
None
TGACG
None
TGACT
None
TGAGA
None
TGAGC
None
TGAGG
None
TGAGT
None
TGATA
None
TGATC
None
TGATG
None
TGATT
None
TGCAA
None
TGCAC
None
TGCAG
None
TGCAT
None
TGCCA
None
TGCCC
None
TGCCG
None
TGCCT
None
TGCGA
None
TGCGC
None
TGCGG
None
TGCGT
None
TGCTA
None
TGCTC
None
TGCTG
None
TGCTT
None
TGGAA
None
TGGAC
None
TGGAG
None
TGGAT
None
TGGCA
None
TGGCC
None
TGGCG
None
TGGCT
None
TGGGA
None
TGGGC
None
TGGGG
None
TGGGT
None
TGGTA
None
TGGTC
None
TGGTG
None
TGGTT
None
TGTAA
None
TGTAC
None
TGTAG
None
TGTAT
None
TGTCA
None
TGTCC
None
TGTCG
None
TGTCT
None
TGTGA
None
TGTGC
None
TGTGG
None
TGTGT
None
TGTTA
None
TGTTC
None
TGTTG
None
TGTTT
None
TTAAA
None
TTAAC
None
TTAAG
None
TTAAT
None
TTACA
None
TTACC
None
TTACG
None
TTACT
None
TTAGA
None
TTAGC
None
TTAGG
None
TTAGT
None
TTATA
None
TTATC
None
TTATG
None
TTATT
None
TTCAA
None
TTCAC
None
TTCAG
None
TTCAT
None
TTCCA
None
TTCCC
None
TTCCG
None
TTCCT
None
TTCGA
None
TTCGC
None
TTCGG
None
TTCGT
None
TTCTA
None
TTCTC
None
TTCTG
None
TTCTT
None
TTGAA
None
TTGAC
None
TTGAG
None
TTGAT
None
TTGCA
None
TTGCC
None
TTGCG
None
TTGCT
None
TTGGA
None
TTGGC
None
TTGGG
None
TTGGT
None
TTGTA
None
TTGTC
None
TTGTG
None
TTGTT
None
TTTAA
None
TTTAC
None
TTTAG
None
TTTAT
None
TTTCA
None
TTTCC
None
TTTCG
None
TTTCT
None
TTTGA
None
TTTGC
None
TTTGG
None
TTTGT
None
TTTTA
None
TTTTC
None
TTTTG
None
TTTTT
('TTTTT', 0, 0.5, 0)
AAAAAA
None
AAAAAC
None
AAAAAG
None
AAAAAT
None
AAAACA
None
AAAACC
None
AAAACG
None
AAAACT
None
AAAAGA
None
AAAAGC
None
AAAAGG
None
AAAAGT
None
AAAATA
None
AAAATC
None
AAAATG
None
AAAATT
None
AAACAA
None
AAACAC
None
AAACAG
None
AAACAT
None
AAACCA
None
AAACCC
None
AAACCG
None
AAACCT
None
AAACGA
None
AAACGC
None
AAACGG
None
AAACGT
None
AAACTA
None
AAACTC
None
AAACTG
None
AAACTT
None
AAAGAA
None
AAAGAC
None
AAAGAG
None
AAAGAT
None
AAAGCA
None
AAAGCC
None
AAAGCG
None
AAAGCT
None
AAAGGA
None
AAAGGC
None
AAAGGG
None
AAAGGT
None
AAAGTA
None
AAAGTC
None
AAAGTG
None
AAAGTT
None
AAATAA
None
AAATAC
None
AAATAG
None
AAATAT
None
AAATCA
None
AAATCC
None
AAATCG
None
AAATCT
None
AAATGA
None
AAATGC
None
AAATGG
None
AAATGT
None
AAATTA
None
AAATTC
None
AAATTG
None
AAATTT
None
AACAAA
None
AACAAC
None
AACAAG
None
AACAAT
None
AACACA
None
AACACC
None
AACACG
None
AACACT
None
AACAGA
None
AACAGC
None
AACAGG
None
AACAGT
None
AACATA
None
AACATC
None
AACATG
None
AACATT
None
AACCAA
None
AACCAC
None
AACCAG
None
AACCAT
None
AACCCA
None
AACCCC
None
AACCCG
None
AACCCT
None
AACCGA
None
AACCGC
None
AACCGG
None
AACCGT
None
AACCTA
None
AACCTC
None
AACCTG
None
AACCTT
None
AACGAA
None
AACGAC
None
AACGAG
None
AACGAT
None
AACGCA
None
AACGCC
None
AACGCG
None
AACGCT
None
AACGGA
None
AACGGC
None
AACGGG
None
AACGGT
None
AACGTA
None
AACGTC
None
AACGTG
None
AACGTT
None
AACTAA
None
AACTAC
None
AACTAG
None
AACTAT
None
AACTCA
None
AACTCC
None
AACTCG
None
AACTCT
None
AACTGA
None
AACTGC
None
AACTGG
None
AACTGT
None
AACTTA
None
AACTTC
None
AACTTG
None
AACTTT
None
AAGAAA
None
AAGAAC
None
AAGAAG
None
AAGAAT
None
AAGACA
None
AAGACC
None
AAGACG
None
AAGACT
None
AAGAGA
None
AAGAGC
None
AAGAGG
None
AAGAGT
None
AAGATA
None
AAGATC
None
AAGATG
None
AAGATT
None
AAGCAA
None
AAGCAC
None
AAGCAG
None
AAGCAT
None
AAGCCA
None
AAGCCC
None
AAGCCG
None
AAGCCT
None
AAGCGA
None
AAGCGC
None
AAGCGG
None
AAGCGT
None
AAGCTA
None
AAGCTC
None
AAGCTG
None
AAGCTT
None
AAGGAA
None
AAGGAC
None
AAGGAG
None
AAGGAT
None
AAGGCA
None
AAGGCC
None
AAGGCG
None
AAGGCT
None
AAGGGA
None
AAGGGC
None
AAGGGG
None
AAGGGT
None
AAGGTA
None
AAGGTC
None
AAGGTG
None
AAGGTT
None
AAGTAA
None
AAGTAC
None
AAGTAG
None
AAGTAT
None
AAGTCA
None
AAGTCC
None
AAGTCG
None
AAGTCT
None
AAGTGA
None
AAGTGC
None
AAGTGG
None
AAGTGT
None
AAGTTA
None
AAGTTC
None
AAGTTG
None
AAGTTT
None
AATAAA
None
AATAAC
None
AATAAG
None
AATAAT
None
AATACA
None
AATACC
None
AATACG
None
AATACT
None
AATAGA
None
AATAGC
None
AATAGG
None
AATAGT
None
AATATA
None
AATATC
None
AATATG
None
AATATT
None
AATCAA
None
AATCAC
None
AATCAG
None
AATCAT
None
AATCCA
None
AATCCC
None
AATCCG
None
AATCCT
None
AATCGA
None
AATCGC
None
AATCGG
None
AATCGT
None
AATCTA
None
AATCTC
None
AATCTG
None
AATCTT
None
AATGAA
None
AATGAC
None
AATGAG
None
AATGAT
None
AATGCA
None
AATGCC
None
AATGCG
None
AATGCT
None
AATGGA
None
AATGGC
None
AATGGG
None
AATGGT
None
AATGTA
None
AATGTC
None
AATGTG
None
AATGTT
None
AATTAA
None
AATTAC
None
AATTAG
None
AATTAT
None
AATTCA
None
AATTCC
None
AATTCG
None
AATTCT
None
AATTGA
None
AATTGC
None
AATTGG
None
AATTGT
None
AATTTA
None
AATTTC
None
AATTTG
None
AATTTT
None
ACAAAA
None
ACAAAC
None
ACAAAG
None
ACAAAT
None
ACAACA
None
ACAACC
None
ACAACG
None
ACAACT
None
ACAAGA
None
ACAAGC
None
ACAAGG
None
ACAAGT
None
ACAATA
None
ACAATC
None
ACAATG
None
ACAATT
None
ACACAA
None
ACACAC
None
ACACAG
None
ACACAT
None
ACACCA
None
ACACCC
None
ACACCG
None
ACACCT
None
ACACGA
None
ACACGC
None
ACACGG
None
ACACGT
None
ACACTA
None
ACACTC
None
ACACTG
None
ACACTT
None
ACAGAA
None
ACAGAC
None
ACAGAG
None
ACAGAT
None
ACAGCA
None
ACAGCC
None
ACAGCG
None
ACAGCT
None
ACAGGA
None
ACAGGC
None
ACAGGG
None
ACAGGT
None
ACAGTA
None
ACAGTC
None
ACAGTG
None
ACAGTT
None
ACATAA
None
ACATAC
None
ACATAG
None
ACATAT
None
ACATCA
None
ACATCC
None
ACATCG
None
ACATCT
None
ACATGA
None
ACATGC
None
ACATGG
None
ACATGT
None
ACATTA
None
ACATTC
None
ACATTG
None
ACATTT
None
ACCAAA
None
ACCAAC
None
ACCAAG
None
ACCAAT
None
ACCACA
None
ACCACC
None
ACCACG
None
ACCACT
None
ACCAGA
None
ACCAGC
None
ACCAGG
None
ACCAGT
None
ACCATA
None
ACCATC
None
ACCATG
None
ACCATT
None
ACCCAA
None
ACCCAC
None
ACCCAG
None
ACCCAT
None
ACCCCA
None
ACCCCC
None
ACCCCG
None
ACCCCT
None
ACCCGA
None
ACCCGC
None
ACCCGG
None
ACCCGT
None
ACCCTA
None
ACCCTC
None
ACCCTG
None
ACCCTT
None
ACCGAA
None
ACCGAC
None
ACCGAG
None
ACCGAT
None
ACCGCA
None
ACCGCC
None
ACCGCG
None
ACCGCT
None
ACCGGA
None
ACCGGC
None
ACCGGG
None
ACCGGT
None
ACCGTA
None
ACCGTC
None
ACCGTG
None
ACCGTT
None
ACCTAA
None
ACCTAC
None
ACCTAG
None
ACCTAT
None
ACCTCA
None
ACCTCC
None
ACCTCG
None
ACCTCT
None
ACCTGA
None
ACCTGC
None
ACCTGG
None
ACCTGT
None
ACCTTA
None
ACCTTC
None
ACCTTG
None
ACCTTT
None
ACGAAA
None
ACGAAC
None
ACGAAG
None
ACGAAT
None
ACGACA
None
ACGACC
None
ACGACG
None
ACGACT
None
ACGAGA
None
ACGAGC
None
ACGAGG
None
ACGAGT
None
ACGATA
None
ACGATC
None
ACGATG
None
ACGATT
None
ACGCAA
None
ACGCAC
None
ACGCAG
None
ACGCAT
None
ACGCCA
None
ACGCCC
None
ACGCCG
None
ACGCCT
None
ACGCGA
None
ACGCGC
None
ACGCGG
None
ACGCGT
None
ACGCTA
None
ACGCTC
None
ACGCTG
None
ACGCTT
None
ACGGAA
None
ACGGAC
None
ACGGAG
None
ACGGAT
None
ACGGCA
None
ACGGCC
None
ACGGCG
None
ACGGCT
None
ACGGGA
None
ACGGGC
None
ACGGGG
None
ACGGGT
None
ACGGTA
None
ACGGTC
None
ACGGTG
None
ACGGTT
None
ACGTAA
None
ACGTAC
None
ACGTAG
None
ACGTAT
None
ACGTCA
None
ACGTCC
None
ACGTCG
None
ACGTCT
None
ACGTGA
None
ACGTGC
None
ACGTGG
None
ACGTGT
None
ACGTTA
None
ACGTTC
None
ACGTTG
None
ACGTTT
None
ACTAAA
None
ACTAAC
None
ACTAAG
None
ACTAAT
None
ACTACA
None
ACTACC
None
ACTACG
None
ACTACT
None
ACTAGA
None
ACTAGC
None
ACTAGG
None
ACTAGT
None
ACTATA
None
ACTATC
None
ACTATG
None
ACTATT
None
ACTCAA
None
ACTCAC
None
ACTCAG
None
ACTCAT
None
ACTCCA
None
ACTCCC
None
ACTCCG
None
ACTCCT
None
ACTCGA
None
ACTCGC
None
ACTCGG
None
ACTCGT
None
ACTCTA
None
ACTCTC
None
ACTCTG
None
ACTCTT
None
ACTGAA
None
ACTGAC
None
ACTGAG
None
ACTGAT
None
ACTGCA
None
ACTGCC
None
ACTGCG
None
ACTGCT
None
ACTGGA
None
ACTGGC
None
ACTGGG
None
ACTGGT
None
ACTGTA
None
ACTGTC
None
ACTGTG
None
ACTGTT
None
ACTTAA
None
ACTTAC
None
ACTTAG
None
ACTTAT
None
ACTTCA
None
ACTTCC
None
ACTTCG
None
ACTTCT
None
ACTTGA
None
ACTTGC
None
ACTTGG
None
ACTTGT
None
ACTTTA
None
ACTTTC
None
ACTTTG
None
ACTTTT
None
AGAAAA
None
AGAAAC
None
AGAAAG
None
AGAAAT
None
AGAACA
None
AGAACC
None
AGAACG
None
AGAACT
None
AGAAGA
None
AGAAGC
None
AGAAGG
None
AGAAGT
None
AGAATA
None
AGAATC
None
AGAATG
None
AGAATT
None
AGACAA
None
AGACAC
None
AGACAG
None
AGACAT
None
AGACCA
None
AGACCC
None
AGACCG
None
AGACCT
None
AGACGA
None
AGACGC
None
AGACGG
None
AGACGT
None
AGACTA
None
AGACTC
None
AGACTG
None
AGACTT
None
AGAGAA
None
AGAGAC
None
AGAGAG
None
AGAGAT
None
AGAGCA
None
AGAGCC
None
AGAGCG
None
AGAGCT
None
AGAGGA
None
AGAGGC
None
AGAGGG
None
AGAGGT
None
AGAGTA
None
AGAGTC
None
AGAGTG
None
AGAGTT
None
AGATAA
None
AGATAC
None
AGATAG
None
AGATAT
None
AGATCA
None
AGATCC
None
AGATCG
None
AGATCT
None
AGATGA
None
AGATGC
None
AGATGG
None
AGATGT
None
AGATTA
None
AGATTC
None
AGATTG
None
AGATTT
None
AGCAAA
None
AGCAAC
None
AGCAAG
None
AGCAAT
None
AGCACA
None
AGCACC
None
AGCACG
None
AGCACT
None
AGCAGA
None
AGCAGC
None
AGCAGG
None
AGCAGT
None
AGCATA
None
AGCATC
None
AGCATG
None
AGCATT
None
AGCCAA
None
AGCCAC
None
AGCCAG
None
AGCCAT
None
AGCCCA
None
AGCCCC
None
AGCCCG
None
AGCCCT
None
AGCCGA
None
AGCCGC
None
AGCCGG
None
AGCCGT
None
AGCCTA
None
AGCCTC
None
AGCCTG
None
AGCCTT
None
AGCGAA
None
AGCGAC
None
AGCGAG
None
AGCGAT
None
AGCGCA
None
AGCGCC
None
AGCGCG
None
AGCGCT
None
AGCGGA
None
AGCGGC
None
AGCGGG
None
AGCGGT
None
AGCGTA
None
AGCGTC
None
AGCGTG
None
AGCGTT
None
AGCTAA
None
AGCTAC
None
AGCTAG
None
AGCTAT
None
AGCTCA
None
AGCTCC
None
AGCTCG
None
AGCTCT
None
AGCTGA
None
AGCTGC
None
AGCTGG
None
AGCTGT
None
AGCTTA
None
AGCTTC
None
AGCTTG
None
AGCTTT
None
AGGAAA
None
AGGAAC
None
AGGAAG
None
AGGAAT
None
AGGACA
None
AGGACC
None
AGGACG
None
AGGACT
None
AGGAGA
None
AGGAGC
None
AGGAGG
None
AGGAGT
None
AGGATA
None
AGGATC
None
AGGATG
None
AGGATT
None
AGGCAA
None
AGGCAC
None
AGGCAG
None
AGGCAT
None
AGGCCA
None
AGGCCC
None
AGGCCG
None
AGGCCT
None
AGGCGA
None
AGGCGC
None
AGGCGG
None
AGGCGT
None
AGGCTA
None
AGGCTC
None
AGGCTG
None
AGGCTT
None
AGGGAA
None
AGGGAC
None
AGGGAG
None
AGGGAT
None
AGGGCA
None
AGGGCC
None
AGGGCG
None
AGGGCT
None
AGGGGA
None
AGGGGC
None
AGGGGG
None
AGGGGT
None
AGGGTA
None
AGGGTC
None
AGGGTG
None
AGGGTT
None
AGGTAA
None
AGGTAC
None
AGGTAG
None
AGGTAT
None
AGGTCA
None
AGGTCC
None
AGGTCG
None
AGGTCT
None
AGGTGA
None
AGGTGC
None
AGGTGG
None
AGGTGT
None
AGGTTA
None
AGGTTC
None
AGGTTG
None
AGGTTT
None
AGTAAA
None
AGTAAC
None
AGTAAG
None
AGTAAT
None
AGTACA
None
AGTACC
None
AGTACG
None
AGTACT
None
AGTAGA
None
AGTAGC
None
AGTAGG
None
AGTAGT
None
AGTATA
None
AGTATC
None
AGTATG
None
AGTATT
None
AGTCAA
None
AGTCAC
None
AGTCAG
None
AGTCAT
None
AGTCCA
None
AGTCCC
None
AGTCCG
None
AGTCCT
None
AGTCGA
None
AGTCGC
None
AGTCGG
None
AGTCGT
None
AGTCTA
None
AGTCTC
None
AGTCTG
None
AGTCTT
None
AGTGAA
None
AGTGAC
None
AGTGAG
None
AGTGAT
None
AGTGCA
None
AGTGCC
None
AGTGCG
None
AGTGCT
None
AGTGGA
None
AGTGGC
None
AGTGGG
None
AGTGGT
None
AGTGTA
None
AGTGTC
None
AGTGTG
None
AGTGTT
None
AGTTAA
None
AGTTAC
None
AGTTAG
None
AGTTAT
None
AGTTCA
None
AGTTCC
None
AGTTCG
None
AGTTCT
None
AGTTGA
None
AGTTGC
None
AGTTGG
None
AGTTGT
None
AGTTTA
None
AGTTTC
None
AGTTTG
None
AGTTTT
None
ATAAAA
None
ATAAAC
None
ATAAAG
None
ATAAAT
None
ATAACA
None
ATAACC
None
ATAACG
None
ATAACT
None
ATAAGA
None
ATAAGC
None
ATAAGG
None
ATAAGT
None
ATAATA
None
ATAATC
None
ATAATG
None
ATAATT
None
ATACAA
None
ATACAC
None
ATACAG
None
ATACAT
None
ATACCA
None
ATACCC
None
ATACCG
None
ATACCT
None
ATACGA
None
ATACGC
None
ATACGG
None
ATACGT
None
ATACTA
None
ATACTC
None
ATACTG
None
ATACTT
None
ATAGAA
None
ATAGAC
None
ATAGAG
None
ATAGAT
None
ATAGCA
None
ATAGCC
None
ATAGCG
None
ATAGCT
None
ATAGGA
None
ATAGGC
None
ATAGGG
None
ATAGGT
None
ATAGTA
None
ATAGTC
None
ATAGTG
None
ATAGTT
None
ATATAA
None
ATATAC
None
ATATAG
None
ATATAT
None
ATATCA
None
ATATCC
None
ATATCG
None
ATATCT
None
ATATGA
None
ATATGC
None
ATATGG
None
ATATGT
None
ATATTA
None
ATATTC
None
ATATTG
None
ATATTT
None
ATCAAA
None
ATCAAC
None
ATCAAG
None
ATCAAT
None
ATCACA
None
ATCACC
None
ATCACG
None
ATCACT
None
ATCAGA
None
ATCAGC
None
ATCAGG
None
ATCAGT
None
ATCATA
None
ATCATC
None
ATCATG
None
ATCATT
None
ATCCAA
None
ATCCAC
None
ATCCAG
None
ATCCAT
None
ATCCCA
None
ATCCCC
None
ATCCCG
None
ATCCCT
None
ATCCGA
None
ATCCGC
None
ATCCGG
None
ATCCGT
None
ATCCTA
None
ATCCTC
None
ATCCTG
None
ATCCTT
None
ATCGAA
None
ATCGAC
None
ATCGAG
None
ATCGAT
None
ATCGCA
None
ATCGCC
None
ATCGCG
None
ATCGCT
None
ATCGGA
None
ATCGGC
None
ATCGGG
None
ATCGGT
None
ATCGTA
None
ATCGTC
None
ATCGTG
None
ATCGTT
None
ATCTAA
None
ATCTAC
None
ATCTAG
None
ATCTAT
None
ATCTCA
None
ATCTCC
None
ATCTCG
None
ATCTCT
None
ATCTGA
None
ATCTGC
None
ATCTGG
None
ATCTGT
None
ATCTTA
None
ATCTTC
None
ATCTTG
None
ATCTTT
None
ATGAAA
None
ATGAAC
None
ATGAAG
None
ATGAAT
None
ATGACA
None
ATGACC
None
ATGACG
None
ATGACT
None
ATGAGA
None
ATGAGC
None
ATGAGG
None
ATGAGT
None
ATGATA
None
ATGATC
None
ATGATG
None
ATGATT
None
ATGCAA
None
ATGCAC
None
ATGCAG
None
ATGCAT
None
ATGCCA
None
ATGCCC
None
ATGCCG
None
ATGCCT
None
ATGCGA
None
ATGCGC
None
ATGCGG
None
ATGCGT
None
ATGCTA
None
ATGCTC
None
ATGCTG
None
ATGCTT
None
ATGGAA
None
ATGGAC
None
ATGGAG
None
ATGGAT
None
ATGGCA
None
ATGGCC
None
ATGGCG
None
ATGGCT
None
ATGGGA
None
ATGGGC
None
ATGGGG
None
ATGGGT
None
ATGGTA
None
ATGGTC
None
ATGGTG
None
ATGGTT
None
ATGTAA
None
ATGTAC
None
ATGTAG
None
ATGTAT
None
ATGTCA
None
ATGTCC
None
ATGTCG
None
ATGTCT
None
ATGTGA
None
ATGTGC
None
ATGTGG
None
ATGTGT
None
ATGTTA
None
ATGTTC
None
ATGTTG
None
ATGTTT
None
ATTAAA
None
ATTAAC
None
ATTAAG
None
ATTAAT
None
ATTACA
None
ATTACC
None
ATTACG
None
ATTACT
None
ATTAGA
None
ATTAGC
None
ATTAGG
None
ATTAGT
None
ATTATA
None
ATTATC
None
ATTATG
None
ATTATT
None
ATTCAA
None
ATTCAC
None
ATTCAG
None
ATTCAT
None
ATTCCA
None
ATTCCC
None
ATTCCG
None
ATTCCT
None
ATTCGA
None
ATTCGC
None
ATTCGG
None
ATTCGT
None
ATTCTA
None
ATTCTC
None
ATTCTG
None
ATTCTT
None
ATTGAA
None
ATTGAC
None
ATTGAG
None
ATTGAT
None
ATTGCA
None
ATTGCC
None
ATTGCG
None
ATTGCT
None
ATTGGA
None
ATTGGC
None
ATTGGG
None
ATTGGT
None
ATTGTA
None
ATTGTC
None
ATTGTG
None
ATTGTT
None
ATTTAA
None
ATTTAC
None
ATTTAG
None
ATTTAT
None
ATTTCA
None
ATTTCC
None
ATTTCG
None
ATTTCT
None
ATTTGA
None
ATTTGC
None
ATTTGG
None
ATTTGT
None
ATTTTA
None
ATTTTC
None
ATTTTG
None
ATTTTT
None
CAAAAA
None
CAAAAC
None
CAAAAG
None
CAAAAT
None
CAAACA
None
CAAACC
None
CAAACG
None
CAAACT
None
CAAAGA
None
CAAAGC
None
CAAAGG
None
CAAAGT
None
CAAATA
None
CAAATC
None
CAAATG
None
CAAATT
None
CAACAA
None
CAACAC
None
CAACAG
None
CAACAT
None
CAACCA
None
CAACCC
None
CAACCG
None
CAACCT
None
CAACGA
None
CAACGC
None
CAACGG
None
CAACGT
None
CAACTA
None
CAACTC
None
CAACTG
None
CAACTT
None
CAAGAA
None
CAAGAC
None
CAAGAG
None
CAAGAT
None
CAAGCA
None
CAAGCC
None
CAAGCG
None
CAAGCT
None
CAAGGA
None
CAAGGC
None
CAAGGG
None
CAAGGT
None
CAAGTA
None
CAAGTC
None
CAAGTG
None
CAAGTT
None
CAATAA
None
CAATAC
None
CAATAG
None
CAATAT
None
CAATCA
None
CAATCC
None
CAATCG
None
CAATCT
None
CAATGA
None
CAATGC
None
CAATGG
None
CAATGT
None
CAATTA
None
CAATTC
None
CAATTG
None
CAATTT
None
CACAAA
None
CACAAC
None
CACAAG
None
CACAAT
None
CACACA
None
CACACC
None
CACACG
None
CACACT
None
CACAGA
None
CACAGC
None
CACAGG
None
CACAGT
None
CACATA
None
CACATC
None
CACATG
None
CACATT
None
CACCAA
None
CACCAC
None
CACCAG
None
CACCAT
None
CACCCA
None
CACCCC
None
CACCCG
None
CACCCT
None
CACCGA
None
CACCGC
None
CACCGG
None
CACCGT
None
CACCTA
None
CACCTC
None
CACCTG
None
CACCTT
None
CACGAA
None
CACGAC
None
CACGAG
None
CACGAT
None
CACGCA
None
CACGCC
None
CACGCG
None
CACGCT
None
CACGGA
None
CACGGC
None
CACGGG
None
CACGGT
None
CACGTA
None
CACGTC
None
CACGTG
None
CACGTT
None
CACTAA
None
CACTAC
None
CACTAG
None
CACTAT
None
CACTCA
None
CACTCC
None
CACTCG
None
CACTCT
None
CACTGA
None
CACTGC
None
CACTGG
None
CACTGT
None
CACTTA
None
CACTTC
None
CACTTG
None
CACTTT
None
CAGAAA
None
CAGAAC
None
CAGAAG
None
CAGAAT
None
CAGACA
None
CAGACC
None
CAGACG
None
CAGACT
None
CAGAGA
None
CAGAGC
None
CAGAGG
None
CAGAGT
None
CAGATA
None
CAGATC
None
CAGATG
None
CAGATT
None
CAGCAA
None
CAGCAC
None
CAGCAG
None
CAGCAT
None
CAGCCA
None
CAGCCC
None
CAGCCG
None
CAGCCT
None
CAGCGA
None
CAGCGC
None
CAGCGG
None
CAGCGT
None
CAGCTA
None
CAGCTC
None
CAGCTG
None
CAGCTT
None
CAGGAA
None
CAGGAC
None
CAGGAG
None
CAGGAT
None
CAGGCA
None
CAGGCC
None
CAGGCG
None
CAGGCT
None
CAGGGA
None
CAGGGC
None
CAGGGG
None
CAGGGT
None
CAGGTA
None
CAGGTC
None
CAGGTG
None
CAGGTT
None
CAGTAA
None
CAGTAC
None
CAGTAG
None
CAGTAT
None
CAGTCA
None
CAGTCC
None
CAGTCG
None
CAGTCT
None
CAGTGA
None
CAGTGC
None
CAGTGG
None
CAGTGT
None
CAGTTA
None
CAGTTC
None
CAGTTG
None
CAGTTT
None
CATAAA
None
CATAAC
None
CATAAG
None
CATAAT
None
CATACA
None
CATACC
None
CATACG
None
CATACT
None
CATAGA
None
CATAGC
None
CATAGG
None
CATAGT
None
CATATA
None
CATATC
None
CATATG
None
CATATT
None
CATCAA
None
CATCAC
None
CATCAG
None
CATCAT
None
CATCCA
None
CATCCC
None
CATCCG
None
CATCCT
None
CATCGA
None
CATCGC
None
CATCGG
None
CATCGT
None
CATCTA
None
CATCTC
None
CATCTG
None
CATCTT
None
CATGAA
None
CATGAC
None
CATGAG
None
CATGAT
None
CATGCA
None
CATGCC
None
CATGCG
None
CATGCT
None
CATGGA
None
CATGGC
None
CATGGG
None
CATGGT
None
CATGTA
None
CATGTC
None
CATGTG
None
CATGTT
None
CATTAA
None
CATTAC
None
CATTAG
None
CATTAT
None
CATTCA
None
CATTCC
None
CATTCG
None
CATTCT
None
CATTGA
None
CATTGC
None
CATTGG
None
CATTGT
None
CATTTA
None
CATTTC
None
CATTTG
None
CATTTT
None
CCAAAA
None
CCAAAC
None
CCAAAG
None
CCAAAT
None
CCAACA
None
CCAACC
None
CCAACG
None
CCAACT
None
CCAAGA
None
CCAAGC
None
CCAAGG
None
CCAAGT
None
CCAATA
None
CCAATC
None
CCAATG
None
CCAATT
None
CCACAA
None
CCACAC
None
CCACAG
None
CCACAT
None
CCACCA
None
CCACCC
None
CCACCG
None
CCACCT
None
CCACGA
None
CCACGC
None
CCACGG
None
CCACGT
None
CCACTA
None
CCACTC
None
CCACTG
None
CCACTT
None
CCAGAA
None
CCAGAC
None
CCAGAG
None
CCAGAT
None
CCAGCA
None
CCAGCC
None
CCAGCG
None
CCAGCT
None
CCAGGA
None
CCAGGC
None
CCAGGG
None
CCAGGT
None
CCAGTA
None
CCAGTC
None
CCAGTG
None
CCAGTT
None
CCATAA
None
CCATAC
None
CCATAG
None
CCATAT
None
CCATCA
None
CCATCC
None
CCATCG
None
CCATCT
None
CCATGA
None
CCATGC
None
CCATGG
None
CCATGT
None
CCATTA
None
CCATTC
None
CCATTG
None
CCATTT
None
CCCAAA
None
CCCAAC
None
CCCAAG
None
CCCAAT
None
CCCACA
None
CCCACC
None
CCCACG
None
CCCACT
None
CCCAGA
None
CCCAGC
None
CCCAGG
None
CCCAGT
None
CCCATA
None
CCCATC
None
CCCATG
None
CCCATT
None
CCCCAA
None
CCCCAC
None
CCCCAG
None
CCCCAT
None
CCCCCA
None
CCCCCC
None
CCCCCG
None
CCCCCT
None
CCCCGA
None
CCCCGC
None
CCCCGG
None
CCCCGT
None
CCCCTA
None
CCCCTC
None
CCCCTG
None
CCCCTT
None
CCCGAA
None
CCCGAC
None
CCCGAG
None
CCCGAT
None
CCCGCA
None
CCCGCC
None
CCCGCG
None
CCCGCT
None
CCCGGA
None
CCCGGC
None
CCCGGG
None
CCCGGT
None
CCCGTA
None
CCCGTC
None
CCCGTG
None
CCCGTT
None
CCCTAA
None
CCCTAC
None
CCCTAG
None
CCCTAT
None
CCCTCA
None
CCCTCC
None
CCCTCG
None
CCCTCT
None
CCCTGA
None
CCCTGC
None
CCCTGG
None
CCCTGT
None
CCCTTA
None
CCCTTC
None
CCCTTG
None
CCCTTT
None
CCGAAA
None
CCGAAC
None
CCGAAG
None
CCGAAT
None
CCGACA
None
CCGACC
None
CCGACG
None
CCGACT
None
CCGAGA
None
CCGAGC
None
CCGAGG
None
CCGAGT
None
CCGATA
None
CCGATC
None
CCGATG
None
CCGATT
None
CCGCAA
None
CCGCAC
None
CCGCAG
None
CCGCAT
None
CCGCCA
None
CCGCCC
None
CCGCCG
None
CCGCCT
None
CCGCGA
None
CCGCGC
None
CCGCGG
None
CCGCGT
None
CCGCTA
None
CCGCTC
None
CCGCTG
None
CCGCTT
None
CCGGAA
None
CCGGAC
None
CCGGAG
None
CCGGAT
None
CCGGCA
None
CCGGCC
None
CCGGCG
None
CCGGCT
None
CCGGGA
None
CCGGGC
None
CCGGGG
None
CCGGGT
None
CCGGTA
None
CCGGTC
None
CCGGTG
None
CCGGTT
None
CCGTAA
None
CCGTAC
None
CCGTAG
None
CCGTAT
None
CCGTCA
None
CCGTCC
None
CCGTCG
None
CCGTCT
None
CCGTGA
None
CCGTGC
None
CCGTGG
None
CCGTGT
None
CCGTTA
None
CCGTTC
None
CCGTTG
None
CCGTTT
None
CCTAAA
None
CCTAAC
None
CCTAAG
None
CCTAAT
None
CCTACA
None
CCTACC
None
CCTACG
None
CCTACT
None
CCTAGA
None
CCTAGC
None
CCTAGG
None
CCTAGT
None
CCTATA
None
CCTATC
None
CCTATG
None
CCTATT
None
CCTCAA
None
CCTCAC
None
CCTCAG
None
CCTCAT
None
CCTCCA
None
CCTCCC
None
CCTCCG
None
CCTCCT
None
CCTCGA
None
CCTCGC
None
CCTCGG
None
CCTCGT
None
CCTCTA
None
CCTCTC
None
CCTCTG
None
CCTCTT
None
CCTGAA
None
CCTGAC
None
CCTGAG
None
CCTGAT
None
CCTGCA
None
CCTGCC
None
CCTGCG
None
CCTGCT
None
CCTGGA
None
CCTGGC
None
CCTGGG
None
CCTGGT
None
CCTGTA
None
CCTGTC
None
CCTGTG
None
CCTGTT
None
CCTTAA
None
CCTTAC
None
CCTTAG
None
CCTTAT
None
CCTTCA
None
CCTTCC
None
CCTTCG
None
CCTTCT
None
CCTTGA
None
CCTTGC
None
CCTTGG
None
CCTTGT
None
CCTTTA
None
CCTTTC
None
CCTTTG
None
CCTTTT
None
CGAAAA
None
CGAAAC
None
CGAAAG
None
CGAAAT
None
CGAACA
None
CGAACC
None
CGAACG
None
CGAACT
None
CGAAGA
None
CGAAGC
None
CGAAGG
None
CGAAGT
None
CGAATA
None
CGAATC
None
CGAATG
None
CGAATT
None
CGACAA
None
CGACAC
None
CGACAG
None
CGACAT
None
CGACCA
None
CGACCC
None
CGACCG
None
CGACCT
None
CGACGA
None
CGACGC
None
CGACGG
None
CGACGT
None
CGACTA
None
CGACTC
None
CGACTG
None
CGACTT
None
CGAGAA
None
CGAGAC
None
CGAGAG
None
CGAGAT
None
CGAGCA
None
CGAGCC
None
CGAGCG
None
CGAGCT
None
CGAGGA
None
CGAGGC
None
CGAGGG
None
CGAGGT
None
CGAGTA
None
CGAGTC
None
CGAGTG
None
CGAGTT
None
CGATAA
None
CGATAC
None
CGATAG
None
CGATAT
None
CGATCA
None
CGATCC
None
CGATCG
None
CGATCT
None
CGATGA
None
CGATGC
None
CGATGG
None
CGATGT
None
CGATTA
None
CGATTC
None
CGATTG
None
CGATTT
None
CGCAAA
None
CGCAAC
None
CGCAAG
None
CGCAAT
None
CGCACA
None
CGCACC
None
CGCACG
None
CGCACT
None
CGCAGA
None
CGCAGC
None
CGCAGG
None
CGCAGT
None
CGCATA
None
CGCATC
None
CGCATG
None
CGCATT
None
CGCCAA
None
CGCCAC
None
CGCCAG
None
CGCCAT
None
CGCCCA
None
CGCCCC
None
CGCCCG
None
CGCCCT
None
CGCCGA
None
CGCCGC
None
CGCCGG
None
CGCCGT
None
CGCCTA
None
CGCCTC
None
CGCCTG
None
CGCCTT
None
CGCGAA
None
CGCGAC
None
CGCGAG
None
CGCGAT
None
CGCGCA
None
CGCGCC
None
CGCGCG
None
CGCGCT
None
CGCGGA
None
CGCGGC
None
CGCGGG
None
CGCGGT
None
CGCGTA
None
CGCGTC
None
CGCGTG
None
CGCGTT
None
CGCTAA
None
CGCTAC
None
CGCTAG
None
CGCTAT
None
CGCTCA
None
CGCTCC
None
CGCTCG
None
CGCTCT
None
CGCTGA
None
CGCTGC
None
CGCTGG
None
CGCTGT
None
CGCTTA
None
CGCTTC
None
CGCTTG
None
CGCTTT
None
CGGAAA
None
CGGAAC
None
CGGAAG
None
CGGAAT
None
CGGACA
None
CGGACC
None
CGGACG
None
CGGACT
None
CGGAGA
None
CGGAGC
None
CGGAGG
None
CGGAGT
None
CGGATA
None
CGGATC
None
CGGATG
None
CGGATT
None
CGGCAA
None
CGGCAC
None
CGGCAG
None
CGGCAT
None
CGGCCA
None
CGGCCC
None
CGGCCG
None
CGGCCT
None
CGGCGA
None
CGGCGC
None
CGGCGG
None
CGGCGT
None
CGGCTA
None
CGGCTC
None
CGGCTG
None
CGGCTT
None
CGGGAA
None
CGGGAC
None
CGGGAG
None
CGGGAT
None
CGGGCA
None
CGGGCC
None
CGGGCG
None
CGGGCT
None
CGGGGA
None
CGGGGC
None
CGGGGG
None
CGGGGT
None
CGGGTA
None
CGGGTC
None
CGGGTG
None
CGGGTT
None
CGGTAA
None
CGGTAC
None
CGGTAG
None
CGGTAT
None
CGGTCA
None
CGGTCC
None
CGGTCG
None
CGGTCT
None
CGGTGA
None
CGGTGC
None
CGGTGG
None
CGGTGT
None
CGGTTA
None
CGGTTC
None
CGGTTG
None
CGGTTT
None
CGTAAA
None
CGTAAC
None
CGTAAG
None
CGTAAT
None
CGTACA
None
CGTACC
None
CGTACG
None
CGTACT
None
CGTAGA
None
CGTAGC
None
CGTAGG
None
CGTAGT
None
CGTATA
None
CGTATC
None
CGTATG
None
CGTATT
None
CGTCAA
None
CGTCAC
None
CGTCAG
None
CGTCAT
None
CGTCCA
None
CGTCCC
None
CGTCCG
None
CGTCCT
None
CGTCGA
None
CGTCGC
None
CGTCGG
None
CGTCGT
None
CGTCTA
None
CGTCTC
None
CGTCTG
None
CGTCTT
None
CGTGAA
None
CGTGAC
None
CGTGAG
None
CGTGAT
None
CGTGCA
None
CGTGCC
None
CGTGCG
None
CGTGCT
None
CGTGGA
None
CGTGGC
None
CGTGGG
None
CGTGGT
None
CGTGTA
None
CGTGTC
None
CGTGTG
None
CGTGTT
None
CGTTAA
None
CGTTAC
None
CGTTAG
None
CGTTAT
None
CGTTCA
None
CGTTCC
None
CGTTCG
None
CGTTCT
None
CGTTGA
None
CGTTGC
None
CGTTGG
None
CGTTGT
None
CGTTTA
None
CGTTTC
None
CGTTTG
None
CGTTTT
None
CTAAAA
None
CTAAAC
None
CTAAAG
None
CTAAAT
None
CTAACA
None
CTAACC
None
CTAACG
None
CTAACT
None
CTAAGA
None
CTAAGC
None
CTAAGG
None
CTAAGT
None
CTAATA
None
CTAATC
None
CTAATG
None
CTAATT
None
CTACAA
None
CTACAC
None
CTACAG
None
CTACAT
None
CTACCA
None
CTACCC
None
CTACCG
None
CTACCT
None
CTACGA
None
CTACGC
None
CTACGG
None
CTACGT
None
CTACTA
None
CTACTC
None
CTACTG
None
CTACTT
None
CTAGAA
None
CTAGAC
None
CTAGAG
None
CTAGAT
None
CTAGCA
None
CTAGCC
None
CTAGCG
None
CTAGCT
None
CTAGGA
None
CTAGGC
None
CTAGGG
None
CTAGGT
None
CTAGTA
None
CTAGTC
None
CTAGTG
None
CTAGTT
None
CTATAA
None
CTATAC
None
CTATAG
None
CTATAT
None
CTATCA
None
CTATCC
None
CTATCG
None
CTATCT
None
CTATGA
None
CTATGC
None
CTATGG
None
CTATGT
None
CTATTA
None
CTATTC
None
CTATTG
None
CTATTT
None
CTCAAA
None
CTCAAC
None
CTCAAG
None
CTCAAT
None
CTCACA
None
CTCACC
None
CTCACG
None
CTCACT
None
CTCAGA
None
CTCAGC
None
CTCAGG
None
CTCAGT
None
CTCATA
None
CTCATC
None
CTCATG
None
CTCATT
None
CTCCAA
None
CTCCAC
None
CTCCAG
None
CTCCAT
None
CTCCCA
None
CTCCCC
None
CTCCCG
None
CTCCCT
None
CTCCGA
None
CTCCGC
None
CTCCGG
None
CTCCGT
None
CTCCTA
None
CTCCTC
None
CTCCTG
None
CTCCTT
None
CTCGAA
None
CTCGAC
None
CTCGAG
None
CTCGAT
None
CTCGCA
None
CTCGCC
None
CTCGCG
None
CTCGCT
None
CTCGGA
None
CTCGGC
None
CTCGGG
None
CTCGGT
None
CTCGTA
None
CTCGTC
None
CTCGTG
None
CTCGTT
None
CTCTAA
None
CTCTAC
None
CTCTAG
None
CTCTAT
None
CTCTCA
None
CTCTCC
None
CTCTCG
None
CTCTCT
None
CTCTGA
None
CTCTGC
None
CTCTGG
None
CTCTGT
None
CTCTTA
None
CTCTTC
None
CTCTTG
None
CTCTTT
None
CTGAAA
None
CTGAAC
None
CTGAAG
None
CTGAAT
None
CTGACA
None
CTGACC
None
CTGACG
None
CTGACT
None
CTGAGA
None
CTGAGC
None
CTGAGG
None
CTGAGT
None
CTGATA
None
CTGATC
None
CTGATG
None
CTGATT
None
CTGCAA
None
CTGCAC
None
CTGCAG
None
CTGCAT
None
CTGCCA
None
CTGCCC
None
CTGCCG
None
CTGCCT
None
CTGCGA
None
CTGCGC
None
CTGCGG
None
CTGCGT
None
CTGCTA
None
CTGCTC
None
CTGCTG
None
CTGCTT
None
CTGGAA
None
CTGGAC
None
CTGGAG
None
CTGGAT
None
CTGGCA
None
CTGGCC
None
CTGGCG
None
CTGGCT
None
CTGGGA
None
CTGGGC
None
CTGGGG
None
CTGGGT
None
CTGGTA
None
CTGGTC
None
CTGGTG
None
CTGGTT
None
CTGTAA
None
CTGTAC
None
CTGTAG
None
CTGTAT
None
CTGTCA
None
CTGTCC
None
CTGTCG
None
CTGTCT
None
CTGTGA
None
CTGTGC
None
CTGTGG
None
CTGTGT
None
CTGTTA
None
CTGTTC
None
CTGTTG
None
CTGTTT
None
CTTAAA
None
CTTAAC
None
CTTAAG
None
CTTAAT
None
CTTACA
None
CTTACC
None
CTTACG
None
CTTACT
None
CTTAGA
None
CTTAGC
None
CTTAGG
None
CTTAGT
None
CTTATA
None
CTTATC
None
CTTATG
None
CTTATT
None
CTTCAA
None
CTTCAC
None
CTTCAG
None
CTTCAT
None
CTTCCA
None
CTTCCC
None
CTTCCG
None
CTTCCT
None
CTTCGA
None
CTTCGC
None
CTTCGG
None
CTTCGT
None
CTTCTA
None
CTTCTC
None
CTTCTG
None
CTTCTT
None
CTTGAA
None
CTTGAC
None
CTTGAG
None
CTTGAT
None
CTTGCA
None
CTTGCC
None
CTTGCG
None
CTTGCT
None
CTTGGA
None
CTTGGC
None
CTTGGG
None
CTTGGT
None
CTTGTA
None
CTTGTC
None
CTTGTG
None
CTTGTT
None
CTTTAA
None
CTTTAC
None
CTTTAG
None
CTTTAT
None
CTTTCA
None
CTTTCC
None
CTTTCG
None
CTTTCT
None
CTTTGA
None
CTTTGC
None
CTTTGG
None
CTTTGT
None
CTTTTA
None
CTTTTC
None
CTTTTG
None
CTTTTT
None
GAAAAA
None
GAAAAC
None
GAAAAG
None
GAAAAT
None
GAAACA
None
GAAACC
None
GAAACG
None
GAAACT
None
GAAAGA
None
GAAAGC
None
GAAAGG
None
GAAAGT
None
GAAATA
None
GAAATC
None
GAAATG
None
GAAATT
None
GAACAA
None
GAACAC
None
GAACAG
None
GAACAT
None
GAACCA
None
GAACCC
None
GAACCG
None
GAACCT
None
GAACGA
None
GAACGC
None
GAACGG
None
GAACGT
None
GAACTA
None
GAACTC
None
GAACTG
None
GAACTT
None
GAAGAA
None
GAAGAC
None
GAAGAG
None
GAAGAT
None
GAAGCA
None
GAAGCC
None
GAAGCG
None
GAAGCT
None
GAAGGA
None
GAAGGC
None
GAAGGG
None
GAAGGT
None
GAAGTA
None
GAAGTC
None
GAAGTG
None
GAAGTT
None
GAATAA
None
GAATAC
None
GAATAG
None
GAATAT
None
GAATCA
None
GAATCC
None
GAATCG
None
GAATCT
None
GAATGA
None
GAATGC
None
GAATGG
None
GAATGT
None
GAATTA
None
GAATTC
None
GAATTG
None
GAATTT
None
GACAAA
None
GACAAC
None
GACAAG
None
GACAAT
None
GACACA
None
GACACC
None
GACACG
None
GACACT
None
GACAGA
None
GACAGC
None
GACAGG
None
GACAGT
None
GACATA
None
GACATC
None
GACATG
None
GACATT
None
GACCAA
None
GACCAC
None
GACCAG
None
GACCAT
None
GACCCA
None
GACCCC
None
GACCCG
None
GACCCT
None
GACCGA
None
GACCGC
None
GACCGG
None
GACCGT
None
GACCTA
None
GACCTC
None
GACCTG
None
GACCTT
None
GACGAA
None
GACGAC
None
GACGAG
None
GACGAT
None
GACGCA
None
GACGCC
None
GACGCG
None
GACGCT
None
GACGGA
None
GACGGC
None
GACGGG
None
GACGGT
None
GACGTA
None
GACGTC
None
GACGTG
None
GACGTT
None
GACTAA
None
GACTAC
None
GACTAG
None
GACTAT
None
GACTCA
None
GACTCC
None
GACTCG
None
GACTCT
None
GACTGA
None
GACTGC
None
GACTGG
None
GACTGT
None
GACTTA
None
GACTTC
None
GACTTG
None
GACTTT
None
GAGAAA
None
GAGAAC
None
GAGAAG
None
GAGAAT
None
GAGACA
None
GAGACC
None
GAGACG
None
GAGACT
None
GAGAGA
None
GAGAGC
None
GAGAGG
None
GAGAGT
None
GAGATA
None
GAGATC
None
GAGATG
None
GAGATT
None
GAGCAA
None
GAGCAC
None
GAGCAG
None
GAGCAT
None
GAGCCA
None
GAGCCC
None
GAGCCG
None
GAGCCT
None
GAGCGA
None
GAGCGC
None
GAGCGG
None
GAGCGT
None
GAGCTA
None
GAGCTC
None
GAGCTG
None
GAGCTT
None
GAGGAA
None
GAGGAC
None
GAGGAG
None
GAGGAT
None
GAGGCA
None
GAGGCC
None
GAGGCG
None
GAGGCT
None
GAGGGA
None
GAGGGC
None
GAGGGG
None
GAGGGT
None
GAGGTA
None
GAGGTC
None
GAGGTG
None
GAGGTT
None
GAGTAA
None
GAGTAC
None
GAGTAG
None
GAGTAT
None
GAGTCA
None
GAGTCC
None
GAGTCG
None
GAGTCT
None
GAGTGA
None
GAGTGC
None
GAGTGG
None
GAGTGT
None
GAGTTA
None
GAGTTC
None
GAGTTG
None
GAGTTT
None
GATAAA
None
GATAAC
None
GATAAG
None
GATAAT
None
GATACA
None
GATACC
None
GATACG
None
GATACT
None
GATAGA
None
GATAGC
None
GATAGG
None
GATAGT
None
GATATA
None
GATATC
None
GATATG
None
GATATT
None
GATCAA
None
GATCAC
None
GATCAG
None
GATCAT
None
GATCCA
None
GATCCC
None
GATCCG
None
GATCCT
None
GATCGA
None
GATCGC
None
GATCGG
None
GATCGT
None
GATCTA
None
GATCTC
None
GATCTG
None
GATCTT
None
GATGAA
None
GATGAC
None
GATGAG
None
GATGAT
None
GATGCA
None
GATGCC
None
GATGCG
None
GATGCT
None
GATGGA
None
GATGGC
None
GATGGG
None
GATGGT
None
GATGTA
None
GATGTC
None
GATGTG
None
GATGTT
None
GATTAA
None
GATTAC
None
GATTAG
None
GATTAT
None
GATTCA
None
GATTCC
None
GATTCG
None
GATTCT
None
GATTGA
None
GATTGC
None
GATTGG
None
GATTGT
None
GATTTA
None
GATTTC
None
GATTTG
None
GATTTT
None
GCAAAA
None
GCAAAC
None
GCAAAG
None
GCAAAT
None
GCAACA
None
GCAACC
None
GCAACG
None
GCAACT
None
GCAAGA
None
GCAAGC
None
GCAAGG
None
GCAAGT
None
GCAATA
None
GCAATC
None
GCAATG
None
GCAATT
None
GCACAA
None
GCACAC
None
GCACAG
None
GCACAT
None
GCACCA
None
GCACCC
None
GCACCG
None
GCACCT
None
GCACGA
None
GCACGC
None
GCACGG
None
GCACGT
None
GCACTA
None
GCACTC
None
GCACTG
None
GCACTT
None
GCAGAA
None
GCAGAC
None
GCAGAG
None
GCAGAT
None
GCAGCA
None
GCAGCC
None
GCAGCG
None
GCAGCT
None
GCAGGA
None
GCAGGC
None
GCAGGG
None
GCAGGT
None
GCAGTA
None
GCAGTC
None
GCAGTG
None
GCAGTT
None
GCATAA
None
GCATAC
None
GCATAG
None
GCATAT
None
GCATCA
None
GCATCC
None
GCATCG
None
GCATCT
None
GCATGA
None
GCATGC
None
GCATGG
None
GCATGT
None
GCATTA
None
GCATTC
None
GCATTG
None
GCATTT
None
GCCAAA
None
GCCAAC
None
GCCAAG
None
GCCAAT
None
GCCACA
None
GCCACC
None
GCCACG
None
GCCACT
None
GCCAGA
None
GCCAGC
None
GCCAGG
None
GCCAGT
None
GCCATA
None
GCCATC
None
GCCATG
None
GCCATT
None
GCCCAA
None
GCCCAC
None
GCCCAG
None
GCCCAT
None
GCCCCA
None
GCCCCC
None
GCCCCG
None
GCCCCT
None
GCCCGA
None
GCCCGC
None
GCCCGG
None
GCCCGT
None
GCCCTA
None
GCCCTC
None
GCCCTG
None
GCCCTT
None
GCCGAA
None
GCCGAC
None
GCCGAG
None
GCCGAT
None
GCCGCA
None
GCCGCC
None
GCCGCG
None
GCCGCT
None
GCCGGA
None
GCCGGC
None
GCCGGG
None
GCCGGT
None
GCCGTA
None
GCCGTC
None
GCCGTG
None
GCCGTT
None
GCCTAA
None
GCCTAC
None
GCCTAG
None
GCCTAT
None
GCCTCA
None
GCCTCC
None
GCCTCG
None
GCCTCT
None
GCCTGA
None
GCCTGC
None
GCCTGG
None
GCCTGT
None
GCCTTA
None
GCCTTC
None
GCCTTG
None
GCCTTT
None
GCGAAA
None
GCGAAC
None
GCGAAG
None
GCGAAT
None
GCGACA
None
GCGACC
None
GCGACG
None
GCGACT
None
GCGAGA
None
GCGAGC
None
GCGAGG
None
GCGAGT
None
GCGATA
None
GCGATC
None
GCGATG
None
GCGATT
None
GCGCAA
None
GCGCAC
None
GCGCAG
None
GCGCAT
None
GCGCCA
None
GCGCCC
None
GCGCCG
None
GCGCCT
None
GCGCGA
None
GCGCGC
None
GCGCGG
None
GCGCGT
None
GCGCTA
None
GCGCTC
None
GCGCTG
None
GCGCTT
None
GCGGAA
None
GCGGAC
None
GCGGAG
None
GCGGAT
None
GCGGCA
None
GCGGCC
None
GCGGCG
None
GCGGCT
None
GCGGGA
None
GCGGGC
None
GCGGGG
None
GCGGGT
None
GCGGTA
None
GCGGTC
None
GCGGTG
None
GCGGTT
None
GCGTAA
None
GCGTAC
None
GCGTAG
None
GCGTAT
None
GCGTCA
None
GCGTCC
None
GCGTCG
None
GCGTCT
None
GCGTGA
None
GCGTGC
None
GCGTGG
None
GCGTGT
None
GCGTTA
None
GCGTTC
None
GCGTTG
None
GCGTTT
None
GCTAAA
None
GCTAAC
None
GCTAAG
None
GCTAAT
None
GCTACA
None
GCTACC
None
GCTACG
None
GCTACT
None
GCTAGA
None
GCTAGC
None
GCTAGG
None
GCTAGT
None
GCTATA
None
GCTATC
None
GCTATG
None
GCTATT
None
GCTCAA
None
GCTCAC
None
GCTCAG
None
GCTCAT
None
GCTCCA
None
GCTCCC
None
GCTCCG
None
GCTCCT
None
GCTCGA
None
GCTCGC
None
GCTCGG
None
GCTCGT
None
GCTCTA
None
GCTCTC
None
GCTCTG
None
GCTCTT
None
GCTGAA
None
GCTGAC
None
GCTGAG
None
GCTGAT
None
GCTGCA
None
GCTGCC
None
GCTGCG
None
GCTGCT
None
GCTGGA
None
GCTGGC
None
GCTGGG
None
GCTGGT
None
GCTGTA
None
GCTGTC
None
GCTGTG
None
GCTGTT
None
GCTTAA
None
GCTTAC
None
GCTTAG
None
GCTTAT
None
GCTTCA
None
GCTTCC
None
GCTTCG
None
GCTTCT
None
GCTTGA
None
GCTTGC
None
GCTTGG
None
GCTTGT
None
GCTTTA
None
GCTTTC
None
GCTTTG
None
GCTTTT
None
GGAAAA
None
GGAAAC
None
GGAAAG
None
GGAAAT
None
GGAACA
None
GGAACC
None
GGAACG
None
GGAACT
None
GGAAGA
None
GGAAGC
None
GGAAGG
None
GGAAGT
None
GGAATA
None
GGAATC
None
GGAATG
None
GGAATT
None
GGACAA
None
GGACAC
None
GGACAG
None
GGACAT
None
GGACCA
None
GGACCC
None
GGACCG
None
GGACCT
None
GGACGA
None
GGACGC
None
GGACGG
None
GGACGT
None
GGACTA
None
GGACTC
None
GGACTG
None
GGACTT
None
GGAGAA
None
GGAGAC
None
GGAGAG
None
GGAGAT
None
GGAGCA
None
GGAGCC
None
GGAGCG
None
GGAGCT
None
GGAGGA
None
GGAGGC
None
GGAGGG
None
GGAGGT
None
GGAGTA
None
GGAGTC
None
GGAGTG
None
GGAGTT
None
GGATAA
None
GGATAC
None
GGATAG
None
GGATAT
None
GGATCA
None
GGATCC
None
GGATCG
None
GGATCT
None
GGATGA
None
GGATGC
None
GGATGG
None
GGATGT
None
GGATTA
None
GGATTC
None
GGATTG
None
GGATTT
None
GGCAAA
None
GGCAAC
None
GGCAAG
None
GGCAAT
None
GGCACA
None
GGCACC
None
GGCACG
None
GGCACT
None
GGCAGA
None
GGCAGC
None
GGCAGG
None
GGCAGT
None
GGCATA
None
GGCATC
None
GGCATG
None
GGCATT
None
GGCCAA
None
GGCCAC
None
GGCCAG
None
GGCCAT
None
GGCCCA
None
GGCCCC
None
GGCCCG
None
GGCCCT
None
GGCCGA
None
GGCCGC
None
GGCCGG
None
GGCCGT
None
GGCCTA
None
GGCCTC
None
GGCCTG
None
GGCCTT
None
GGCGAA
None
GGCGAC
None
GGCGAG
None
GGCGAT
None
GGCGCA
None
GGCGCC
None
GGCGCG
None
GGCGCT
None
GGCGGA
None
GGCGGC
None
GGCGGG
None
GGCGGT
None
GGCGTA
None
GGCGTC
None
GGCGTG
None
GGCGTT
None
GGCTAA
None
GGCTAC
None
GGCTAG
None
GGCTAT
None
GGCTCA
None
GGCTCC
None
GGCTCG
None
GGCTCT
None
GGCTGA
None
GGCTGC
None
GGCTGG
None
GGCTGT
None
GGCTTA
None
GGCTTC
None
GGCTTG
None
GGCTTT
None
GGGAAA
None
GGGAAC
None
GGGAAG
None
GGGAAT
None
GGGACA
None
GGGACC
None
GGGACG
None
GGGACT
None
GGGAGA
None
GGGAGC
None
GGGAGG
None
GGGAGT
None
GGGATA
None
GGGATC
None
GGGATG
None
GGGATT
None
GGGCAA
None
GGGCAC
None
GGGCAG
None
GGGCAT
None
GGGCCA
None
GGGCCC
None
GGGCCG
None
GGGCCT
None
GGGCGA
None
GGGCGC
None
GGGCGG
None
GGGCGT
None
GGGCTA
None
GGGCTC
None
GGGCTG
None
GGGCTT
None
GGGGAA
None
GGGGAC
None
GGGGAG
None
GGGGAT
None
GGGGCA
None
GGGGCC
None
GGGGCG
None
GGGGCT
None
GGGGGA
None
GGGGGC
None
GGGGGG
None
GGGGGT
None
GGGGTA
None
GGGGTC
None
GGGGTG
None
GGGGTT
None
GGGTAA
None
GGGTAC
None
GGGTAG
None
GGGTAT
None
GGGTCA
None
GGGTCC
None
GGGTCG
None
GGGTCT
None
GGGTGA
None
GGGTGC
None
GGGTGG
None
GGGTGT
None
GGGTTA
None
GGGTTC
None
GGGTTG
None
GGGTTT
None
GGTAAA
None
GGTAAC
None
GGTAAG
None
GGTAAT
None
GGTACA
None
GGTACC
None
GGTACG
None
GGTACT
None
GGTAGA
None
GGTAGC
None
GGTAGG
None
GGTAGT
None
GGTATA
None
GGTATC
None
GGTATG
None
GGTATT
None
GGTCAA
None
GGTCAC
None
GGTCAG
None
GGTCAT
None
GGTCCA
None
GGTCCC
None
GGTCCG
None
GGTCCT
None
GGTCGA
None
GGTCGC
None
GGTCGG
None
GGTCGT
None
GGTCTA
None
GGTCTC
None
GGTCTG
None
GGTCTT
None
GGTGAA
None
GGTGAC
None
GGTGAG
None
GGTGAT
None
GGTGCA
None
GGTGCC
None
GGTGCG
None
GGTGCT
None
GGTGGA
None
GGTGGC
None
GGTGGG
None
GGTGGT
None
GGTGTA
None
GGTGTC
None
GGTGTG
None
GGTGTT
None
GGTTAA
None
GGTTAC
None
GGTTAG
None
GGTTAT
None
GGTTCA
None
GGTTCC
None
GGTTCG
None
GGTTCT
None
GGTTGA
None
GGTTGC
None
GGTTGG
None
GGTTGT
None
GGTTTA
None
GGTTTC
None
GGTTTG
None
GGTTTT
None
GTAAAA
None
GTAAAC
None
GTAAAG
None
GTAAAT
None
GTAACA
None
GTAACC
None
GTAACG
None
GTAACT
None
GTAAGA
None
GTAAGC
None
GTAAGG
None
GTAAGT
None
GTAATA
None
GTAATC
None
GTAATG
None
GTAATT
None
GTACAA
None
GTACAC
None
GTACAG
None
GTACAT
None
GTACCA
None
GTACCC
None
GTACCG
None
GTACCT
None
GTACGA
None
GTACGC
None
GTACGG
None
GTACGT
None
GTACTA
None
GTACTC
None
GTACTG
None
GTACTT
None
GTAGAA
None
GTAGAC
None
GTAGAG
None
GTAGAT
None
GTAGCA
None
GTAGCC
None
GTAGCG
None
GTAGCT
None
GTAGGA
None
GTAGGC
None
GTAGGG
None
GTAGGT
None
GTAGTA
None
GTAGTC
None
GTAGTG
None
GTAGTT
None
GTATAA
None
GTATAC
None
GTATAG
None
GTATAT
None
GTATCA
None
GTATCC
None
GTATCG
None
GTATCT
None
GTATGA
None
GTATGC
None
GTATGG
None
GTATGT
None
GTATTA
None
GTATTC
None
GTATTG
None
GTATTT
None
GTCAAA
None
GTCAAC
None
GTCAAG
None
GTCAAT
None
GTCACA
None
GTCACC
None
GTCACG
None
GTCACT
None
GTCAGA
None
GTCAGC
None
GTCAGG
None
GTCAGT
None
GTCATA
None
GTCATC
None
GTCATG
None
GTCATT
None
GTCCAA
None
GTCCAC
None
GTCCAG
None
GTCCAT
None
GTCCCA
None
GTCCCC
None
GTCCCG
None
GTCCCT
None
GTCCGA
None
GTCCGC
None
GTCCGG
None
GTCCGT
None
GTCCTA
None
GTCCTC
None
GTCCTG
None
GTCCTT
None
GTCGAA
None
GTCGAC
None
GTCGAG
None
GTCGAT
None
GTCGCA
None
GTCGCC
None
GTCGCG
None
GTCGCT
None
GTCGGA
None
GTCGGC
None
GTCGGG
None
GTCGGT
None
GTCGTA
None
GTCGTC
None
GTCGTG
None
GTCGTT
None
GTCTAA
None
GTCTAC
None
GTCTAG
None
GTCTAT
None
GTCTCA
None
GTCTCC
None
GTCTCG
None
GTCTCT
None
GTCTGA
None
GTCTGC
None
GTCTGG
None
GTCTGT
None
GTCTTA
None
GTCTTC
None
GTCTTG
None
GTCTTT
None
GTGAAA
None
GTGAAC
None
GTGAAG
None
GTGAAT
None
GTGACA
None
GTGACC
None
GTGACG
None
GTGACT
None
GTGAGA
None
GTGAGC
None
GTGAGG
None
GTGAGT
None
GTGATA
None
GTGATC
None
GTGATG
None
GTGATT
None
GTGCAA
None
GTGCAC
None
GTGCAG
None
GTGCAT
None
GTGCCA
None
GTGCCC
None
GTGCCG
None
GTGCCT
None
GTGCGA
None
GTGCGC
None
GTGCGG
None
GTGCGT
None
GTGCTA
None
GTGCTC
None
GTGCTG
None
GTGCTT
None
GTGGAA
None
GTGGAC
None
GTGGAG
None
GTGGAT
None
GTGGCA
None
GTGGCC
None
GTGGCG
None
GTGGCT
None
GTGGGA
None
GTGGGC
None
GTGGGG
None
GTGGGT
None
GTGGTA
None
GTGGTC
None
GTGGTG
None
GTGGTT
None
GTGTAA
None
GTGTAC
None
GTGTAG
None
GTGTAT
None
GTGTCA
None
GTGTCC
None
GTGTCG
None
GTGTCT
None
GTGTGA
None
GTGTGC
None
GTGTGG
None
GTGTGT
None
GTGTTA
None
GTGTTC
None
GTGTTG
None
GTGTTT
None
GTTAAA
None
GTTAAC
None
GTTAAG
None
GTTAAT
None
GTTACA
None
GTTACC
None
GTTACG
None
GTTACT
None
GTTAGA
None
GTTAGC
None
GTTAGG
None
GTTAGT
None
GTTATA
None
GTTATC
None
GTTATG
None
GTTATT
None
GTTCAA
None
GTTCAC
None
GTTCAG
None
GTTCAT
None
GTTCCA
None
GTTCCC
None
GTTCCG
None
GTTCCT
None
GTTCGA
None
GTTCGC
None
GTTCGG
None
GTTCGT
None
GTTCTA
None
GTTCTC
None
GTTCTG
None
GTTCTT
None
GTTGAA
None
GTTGAC
None
GTTGAG
None
GTTGAT
None
GTTGCA
None
GTTGCC
None
GTTGCG
None
GTTGCT
None
GTTGGA
None
GTTGGC
None
GTTGGG
None
GTTGGT
None
GTTGTA
None
GTTGTC
None
GTTGTG
None
GTTGTT
None
GTTTAA
None
GTTTAC
None
GTTTAG
None
GTTTAT
None
GTTTCA
None
GTTTCC
None
GTTTCG
None
GTTTCT
None
GTTTGA
None
GTTTGC
None
GTTTGG
None
GTTTGT
None
GTTTTA
None
GTTTTC
None
GTTTTG
None
GTTTTT
None
TAAAAA
None
TAAAAC
None
TAAAAG
None
TAAAAT
None
TAAACA
None
TAAACC
None
TAAACG
None
TAAACT
None
TAAAGA
None
TAAAGC
None
TAAAGG
None
TAAAGT
None
TAAATA
None
TAAATC
None
TAAATG
None
TAAATT
None
TAACAA
None
TAACAC
None
TAACAG
None
TAACAT
None
TAACCA
None
TAACCC
None
TAACCG
None
TAACCT
None
TAACGA
None
TAACGC
None
TAACGG
None
TAACGT
None
TAACTA
None
TAACTC
None
TAACTG
None
TAACTT
None
TAAGAA
None
TAAGAC
None
TAAGAG
None
TAAGAT
None
TAAGCA
None
TAAGCC
None
TAAGCG
None
TAAGCT
None
TAAGGA
None
TAAGGC
None
TAAGGG
None
TAAGGT
None
TAAGTA
None
TAAGTC
None
TAAGTG
None
TAAGTT
None
TAATAA
None
TAATAC
None
TAATAG
None
TAATAT
None
TAATCA
None
TAATCC
None
TAATCG
None
TAATCT
None
TAATGA
None
TAATGC
None
TAATGG
None
TAATGT
None
TAATTA
None
TAATTC
None
TAATTG
None
TAATTT
None
TACAAA
None
TACAAC
None
TACAAG
None
TACAAT
None
TACACA
None
TACACC
None
TACACG
None
TACACT
None
TACAGA
None
TACAGC
None
TACAGG
None
TACAGT
None
TACATA
None
TACATC
None
TACATG
None
TACATT
None
TACCAA
None
TACCAC
None
TACCAG
None
TACCAT
None
TACCCA
None
TACCCC
None
TACCCG
None
TACCCT
None
TACCGA
None
TACCGC
None
TACCGG
None
TACCGT
None
TACCTA
None
TACCTC
None
TACCTG
None
TACCTT
None
TACGAA
None
TACGAC
None
TACGAG
None
TACGAT
None
TACGCA
None
TACGCC
None
TACGCG
None
TACGCT
None
TACGGA
None
TACGGC
None
TACGGG
None
TACGGT
None
TACGTA
None
TACGTC
None
TACGTG
None
TACGTT
None
TACTAA
None
TACTAC
None
TACTAG
None
TACTAT
None
TACTCA
None
TACTCC
None
TACTCG
None
TACTCT
None
TACTGA
None
TACTGC
None
TACTGG
None
TACTGT
None
TACTTA
None
TACTTC
None
TACTTG
None
TACTTT
None
TAGAAA
None
TAGAAC
None
TAGAAG
None
TAGAAT
None
TAGACA
None
TAGACC
None
TAGACG
None
TAGACT
None
TAGAGA
None
TAGAGC
None
TAGAGG
None
TAGAGT
None
TAGATA
None
TAGATC
None
TAGATG
None
TAGATT
None
TAGCAA
None
TAGCAC
None
TAGCAG
None
TAGCAT
None
TAGCCA
None
TAGCCC
None
TAGCCG
None
TAGCCT
None
TAGCGA
None
TAGCGC
None
TAGCGG
None
TAGCGT
None
TAGCTA
None
TAGCTC
None
TAGCTG
None
TAGCTT
None
TAGGAA
None
TAGGAC
None
TAGGAG
None
TAGGAT
None
TAGGCA
None
TAGGCC
None
TAGGCG
None
TAGGCT
None
TAGGGA
None
TAGGGC
None
TAGGGG
None
TAGGGT
None
TAGGTA
None
TAGGTC
None
TAGGTG
None
TAGGTT
None
TAGTAA
None
TAGTAC
None
TAGTAG
None
TAGTAT
None
TAGTCA
None
TAGTCC
None
TAGTCG
None
TAGTCT
None
TAGTGA
None
TAGTGC
None
TAGTGG
None
TAGTGT
None
TAGTTA
None
TAGTTC
None
TAGTTG
None
TAGTTT
None
TATAAA
None
TATAAC
None
TATAAG
None
TATAAT
None
TATACA
None
TATACC
None
TATACG
None
TATACT
None
TATAGA
None
TATAGC
None
TATAGG
None
TATAGT
None
TATATA
None
TATATC
None
TATATG
None
TATATT
None
TATCAA
None
TATCAC
None
TATCAG
None
TATCAT
None
TATCCA
None
TATCCC
None
TATCCG
None
TATCCT
None
TATCGA
None
TATCGC
None
TATCGG
None
TATCGT
None
TATCTA
None
TATCTC
None
TATCTG
None
TATCTT
None
TATGAA
None
TATGAC
None
TATGAG
None
TATGAT
None
TATGCA
None
TATGCC
None
TATGCG
None
TATGCT
None
TATGGA
None
TATGGC
None
TATGGG
None
TATGGT
None
TATGTA
None
TATGTC
None
TATGTG
None
TATGTT
None
TATTAA
None
TATTAC
None
TATTAG
None
TATTAT
None
TATTCA
None
TATTCC
None
TATTCG
None
TATTCT
None
TATTGA
None
TATTGC
None
TATTGG
None
TATTGT
None
TATTTA
None
TATTTC
None
TATTTG
None
TATTTT
None
TCAAAA
None
TCAAAC
None
TCAAAG
None
TCAAAT
None
TCAACA
None
TCAACC
None
TCAACG
None
TCAACT
None
TCAAGA
None
TCAAGC
None
TCAAGG
None
TCAAGT
None
TCAATA
None
TCAATC
None
TCAATG
None
TCAATT
None
TCACAA
None
TCACAC
None
TCACAG
None
TCACAT
None
TCACCA
None
TCACCC
None
TCACCG
None
TCACCT
None
TCACGA
None
TCACGC
None
TCACGG
None
TCACGT
None
TCACTA
None
TCACTC
None
TCACTG
None
TCACTT
None
TCAGAA
None
TCAGAC
None
TCAGAG
None
TCAGAT
None
TCAGCA
None
TCAGCC
None
TCAGCG
None
TCAGCT
None
TCAGGA
None
TCAGGC
None
TCAGGG
None
TCAGGT
None
TCAGTA
None
TCAGTC
None
TCAGTG
None
TCAGTT
None
TCATAA
None
TCATAC
None
TCATAG
None
TCATAT
None
TCATCA
None
TCATCC
None
TCATCG
None
TCATCT
None
TCATGA
None
TCATGC
None
TCATGG
None
TCATGT
None
TCATTA
None
TCATTC
None
TCATTG
None
TCATTT
None
TCCAAA
None
TCCAAC
None
TCCAAG
None
TCCAAT
None
TCCACA
None
TCCACC
None
TCCACG
None
TCCACT
None
TCCAGA
None
TCCAGC
None
TCCAGG
None
TCCAGT
None
TCCATA
None
TCCATC
None
TCCATG
None
TCCATT
None
TCCCAA
None
TCCCAC
None
TCCCAG
None
TCCCAT
None
TCCCCA
None
TCCCCC
None
TCCCCG
None
TCCCCT
None
TCCCGA
None
TCCCGC
None
TCCCGG
None
TCCCGT
None
TCCCTA
None
TCCCTC
None
TCCCTG
None
TCCCTT
None
TCCGAA
None
TCCGAC
None
TCCGAG
None
TCCGAT
None
TCCGCA
None
TCCGCC
None
TCCGCG
None
TCCGCT
None
TCCGGA
None
TCCGGC
None
TCCGGG
None
TCCGGT
None
TCCGTA
None
TCCGTC
None
TCCGTG
None
TCCGTT
None
TCCTAA
None
TCCTAC
None
TCCTAG
None
TCCTAT
None
TCCTCA
None
TCCTCC
None
TCCTCG
None
TCCTCT
None
TCCTGA
None
TCCTGC
None
TCCTGG
None
TCCTGT
None
TCCTTA
None
TCCTTC
None
TCCTTG
None
TCCTTT
None
TCGAAA
None
TCGAAC
None
TCGAAG
None
TCGAAT
None
TCGACA
None
TCGACC
None
TCGACG
None
TCGACT
None
TCGAGA
None
TCGAGC
None
TCGAGG
None
TCGAGT
None
TCGATA
None
TCGATC
None
TCGATG
None
TCGATT
None
TCGCAA
None
TCGCAC
None
TCGCAG
None
TCGCAT
None
TCGCCA
None
TCGCCC
None
TCGCCG
None
TCGCCT
None
TCGCGA
None
TCGCGC
None
TCGCGG
None
TCGCGT
None
TCGCTA
None
TCGCTC
None
TCGCTG
None
TCGCTT
None
TCGGAA
None
TCGGAC
None
TCGGAG
None
TCGGAT
None
TCGGCA
None
TCGGCC
None
TCGGCG
None
TCGGCT
None
TCGGGA
None
TCGGGC
None
TCGGGG
None
TCGGGT
None
TCGGTA
None
TCGGTC
None
TCGGTG
None
TCGGTT
None
TCGTAA
None
TCGTAC
None
TCGTAG
None
TCGTAT
None
TCGTCA
None
TCGTCC
None
TCGTCG
None
TCGTCT
None
TCGTGA
None
TCGTGC
None
TCGTGG
None
TCGTGT
None
TCGTTA
None
TCGTTC
None
TCGTTG
None
TCGTTT
None
TCTAAA
None
TCTAAC
None
TCTAAG
None
TCTAAT
None
TCTACA
None
TCTACC
None
TCTACG
None
TCTACT
None
TCTAGA
None
TCTAGC
None
TCTAGG
None
TCTAGT
None
TCTATA
None
TCTATC
None
TCTATG
None
TCTATT
None
TCTCAA
None
TCTCAC
None
TCTCAG
None
TCTCAT
None
TCTCCA
None
TCTCCC
None
TCTCCG
None
TCTCCT
None
TCTCGA
None
TCTCGC
None
TCTCGG
None
TCTCGT
None
TCTCTA
None
TCTCTC
None
TCTCTG
None
TCTCTT
None
TCTGAA
None
TCTGAC
None
TCTGAG
None
TCTGAT
None
TCTGCA
None
TCTGCC
None
TCTGCG
None
TCTGCT
None
TCTGGA
None
TCTGGC
None
TCTGGG
None
TCTGGT
None
TCTGTA
None
TCTGTC
None
TCTGTG
None
TCTGTT
None
TCTTAA
None
TCTTAC
None
TCTTAG
None
TCTTAT
None
TCTTCA
None
TCTTCC
None
TCTTCG
None
TCTTCT
None
TCTTGA
None
TCTTGC
None
TCTTGG
None
TCTTGT
None
TCTTTA
None
TCTTTC
None
TCTTTG
None
TCTTTT
None
TGAAAA
None
TGAAAC
None
TGAAAG
None
TGAAAT
None
TGAACA
None
TGAACC
None
TGAACG
None
TGAACT
None
TGAAGA
None
TGAAGC
None
TGAAGG
None
TGAAGT
None
TGAATA
None
TGAATC
None
TGAATG
None
TGAATT
None
TGACAA
None
TGACAC
None
TGACAG
None
TGACAT
None
TGACCA
None
TGACCC
None
TGACCG
None
TGACCT
None
TGACGA
None
TGACGC
None
TGACGG
None
TGACGT
None
TGACTA
None
TGACTC
None
TGACTG
None
TGACTT
None
TGAGAA
None
TGAGAC
None
TGAGAG
None
TGAGAT
None
TGAGCA
None
TGAGCC
None
TGAGCG
None
TGAGCT
None
TGAGGA
None
TGAGGC
None
TGAGGG
None
TGAGGT
None
TGAGTA
None
TGAGTC
None
TGAGTG
None
TGAGTT
None
TGATAA
None
TGATAC
None
TGATAG
None
TGATAT
None
TGATCA
None
TGATCC
None
TGATCG
None
TGATCT
None
TGATGA
None
TGATGC
None
TGATGG
None
TGATGT
None
TGATTA
None
TGATTC
None
TGATTG
None
TGATTT
None
TGCAAA
None
TGCAAC
None
TGCAAG
None
TGCAAT
None
TGCACA
None
TGCACC
None
TGCACG
None
TGCACT
None
TGCAGA
None
TGCAGC
None
TGCAGG
None
TGCAGT
None
TGCATA
None
TGCATC
None
TGCATG
None
TGCATT
None
TGCCAA
None
TGCCAC
None
TGCCAG
None
TGCCAT
None
TGCCCA
None
TGCCCC
None
TGCCCG
None
TGCCCT
None
TGCCGA
None
TGCCGC
None
TGCCGG
None
TGCCGT
None
TGCCTA
None
TGCCTC
None
TGCCTG
None
TGCCTT
None
TGCGAA
None
TGCGAC
None
TGCGAG
None
TGCGAT
None
TGCGCA
None
TGCGCC
None
TGCGCG
None
TGCGCT
None
TGCGGA
None
TGCGGC
None
TGCGGG
None
TGCGGT
None
TGCGTA
None
TGCGTC
None
TGCGTG
None
TGCGTT
None
TGCTAA
None
TGCTAC
None
TGCTAG
None
TGCTAT
None
TGCTCA
None
TGCTCC
None
TGCTCG
None
TGCTCT
None
TGCTGA
None
TGCTGC
None
TGCTGG
None
TGCTGT
None
TGCTTA
None
TGCTTC
None
TGCTTG
None
TGCTTT
None
TGGAAA
None
TGGAAC
None
TGGAAG
None
TGGAAT
None
TGGACA
None
TGGACC
None
TGGACG
None
TGGACT
None
TGGAGA
None
TGGAGC
None
TGGAGG
None
TGGAGT
None
TGGATA
None
TGGATC
None
TGGATG
None
TGGATT
None
TGGCAA
None
TGGCAC
None
TGGCAG
None
TGGCAT
None
TGGCCA
None
TGGCCC
None
TGGCCG
None
TGGCCT
None
TGGCGA
None
TGGCGC
None
TGGCGG
None
TGGCGT
None
TGGCTA
None
TGGCTC
None
TGGCTG
None
TGGCTT
None
TGGGAA
None
TGGGAC
None
TGGGAG
None
TGGGAT
None
TGGGCA
None
TGGGCC
None
TGGGCG
None
TGGGCT
None
TGGGGA
None
TGGGGC
None
TGGGGG
None
TGGGGT
None
TGGGTA
None
TGGGTC
None
TGGGTG
None
TGGGTT
None
TGGTAA
None
TGGTAC
None
TGGTAG
None
TGGTAT
None
TGGTCA
None
TGGTCC
None
TGGTCG
None
TGGTCT
None
TGGTGA
None
TGGTGC
None
TGGTGG
None
TGGTGT
None
TGGTTA
None
TGGTTC
None
TGGTTG
None
TGGTTT
None
TGTAAA
None
TGTAAC
None
TGTAAG
None
TGTAAT
None
TGTACA
None
TGTACC
None
TGTACG
None
TGTACT
None
TGTAGA
None
TGTAGC
None
TGTAGG
None
TGTAGT
None
TGTATA
None
TGTATC
None
TGTATG
None
TGTATT
None
TGTCAA
None
TGTCAC
None
TGTCAG
None
TGTCAT
None
TGTCCA
None
TGTCCC
None
TGTCCG
None
TGTCCT
None
TGTCGA
None
TGTCGC
None
TGTCGG
None
TGTCGT
None
TGTCTA
None
TGTCTC
None
TGTCTG
None
TGTCTT
None
TGTGAA
None
TGTGAC
None
TGTGAG
None
TGTGAT
None
TGTGCA
None
TGTGCC
None
TGTGCG
None
TGTGCT
None
TGTGGA
None
TGTGGC
None
TGTGGG
None
TGTGGT
None
TGTGTA
None
TGTGTC
None
TGTGTG
None
TGTGTT
None
TGTTAA
None
TGTTAC
None
TGTTAG
None
TGTTAT
None
TGTTCA
None
TGTTCC
None
TGTTCG
None
TGTTCT
None
TGTTGA
None
TGTTGC
None
TGTTGG
None
TGTTGT
None
TGTTTA
None
TGTTTC
None
TGTTTG
None
TGTTTT
None
TTAAAA
None
TTAAAC
None
TTAAAG
None
TTAAAT
None
TTAACA
None
TTAACC
None
TTAACG
None
TTAACT
None
TTAAGA
None
TTAAGC
None
TTAAGG
None
TTAAGT
None
TTAATA
None
TTAATC
None
TTAATG
None
TTAATT
None
TTACAA
None
TTACAC
None
TTACAG
None
TTACAT
None
TTACCA
None
TTACCC
None
TTACCG
None
TTACCT
None
TTACGA
None
TTACGC
None
TTACGG
None
TTACGT
None
TTACTA
None
TTACTC
None
TTACTG
None
TTACTT
None
TTAGAA
None
TTAGAC
None
TTAGAG
None
TTAGAT
None
TTAGCA
None
TTAGCC
None
TTAGCG
None
TTAGCT
None
TTAGGA
None
TTAGGC
None
TTAGGG
None
TTAGGT
None
TTAGTA
None
TTAGTC
None
TTAGTG
None
TTAGTT
None
TTATAA
None
TTATAC
None
TTATAG
None
TTATAT
None
TTATCA
None
TTATCC
None
TTATCG
None
TTATCT
None
TTATGA
None
TTATGC
None
TTATGG
None
TTATGT
None
TTATTA
None
TTATTC
None
TTATTG
None
TTATTT
None
TTCAAA
None
TTCAAC
None
TTCAAG
None
TTCAAT
None
TTCACA
None
TTCACC
None
TTCACG
None
TTCACT
None
TTCAGA
None
TTCAGC
None
TTCAGG
None
TTCAGT
None
TTCATA
None
TTCATC
None
TTCATG
None
TTCATT
None
TTCCAA
None
TTCCAC
None
TTCCAG
None
TTCCAT
None
TTCCCA
None
TTCCCC
None
TTCCCG
None
TTCCCT
None
TTCCGA
None
TTCCGC
None
TTCCGG
None
TTCCGT
None
TTCCTA
None
TTCCTC
None
TTCCTG
None
TTCCTT
None
TTCGAA
None
TTCGAC
None
TTCGAG
None
TTCGAT
None
TTCGCA
None
TTCGCC
None
TTCGCG
None
TTCGCT
None
TTCGGA
None
TTCGGC
None
TTCGGG
None
TTCGGT
None
TTCGTA
None
TTCGTC
None
TTCGTG
None
TTCGTT
None
TTCTAA
None
TTCTAC
None
TTCTAG
None
TTCTAT
None
TTCTCA
None
TTCTCC
None
TTCTCG
None
TTCTCT
None
TTCTGA
None
TTCTGC
None
TTCTGG
None
TTCTGT
None
TTCTTA
None
TTCTTC
None
TTCTTG
None
TTCTTT
None
TTGAAA
None
TTGAAC
None
TTGAAG
None
TTGAAT
None
TTGACA
None
TTGACC
None
TTGACG
None
TTGACT
None
TTGAGA
None
TTGAGC
None
TTGAGG
None
TTGAGT
None
TTGATA
None
TTGATC
None
TTGATG
None
TTGATT
None
TTGCAA
None
TTGCAC
None
TTGCAG
None
TTGCAT
None
TTGCCA
None
TTGCCC
None
TTGCCG
None
TTGCCT
None
TTGCGA
None
TTGCGC
None
TTGCGG
None
TTGCGT
None
TTGCTA
None
TTGCTC
None
TTGCTG
None
TTGCTT
None
TTGGAA
None
TTGGAC
None
TTGGAG
None
TTGGAT
None
TTGGCA
None
TTGGCC
None
TTGGCG
None
TTGGCT
None
TTGGGA
None
TTGGGC
None
TTGGGG
None
TTGGGT
None
TTGGTA
None
TTGGTC
None
TTGGTG
None
TTGGTT
None
TTGTAA
None
TTGTAC
None
TTGTAG
None
TTGTAT
None
TTGTCA
None
TTGTCC
None
TTGTCG
None
TTGTCT
None
TTGTGA
None
TTGTGC
None
TTGTGG
None
TTGTGT
None
TTGTTA
None
TTGTTC
None
TTGTTG
None
TTGTTT
None
TTTAAA
None
TTTAAC
None
TTTAAG
None
TTTAAT
None
TTTACA
None
TTTACC
None
TTTACG
None
TTTACT
None
TTTAGA
None
TTTAGC
None
TTTAGG
None
TTTAGT
None
TTTATA
None
TTTATC
None
TTTATG
None
TTTATT
None
TTTCAA
None
TTTCAC
None
TTTCAG
None
TTTCAT
None
TTTCCA
None
TTTCCC
None
TTTCCG
None
TTTCCT
None
TTTCGA
None
TTTCGC
None
TTTCGG
None
TTTCGT
None
TTTCTA
None
TTTCTC
None
TTTCTG
None
TTTCTT
None
TTTGAA
None
TTTGAC
None
TTTGAG
None
TTTGAT
None
TTTGCA
None
TTTGCC
None
TTTGCG
None
TTTGCT
None
TTTGGA
None
TTTGGC
None
TTTGGG
None
TTTGGT
None
TTTGTA
None
TTTGTC
None
TTTGTG
None
TTTGTT
None
TTTTAA
None
TTTTAC
None
TTTTAG
None
TTTTAT
None
TTTTCA
None
TTTTCC
None
TTTTCG
None
TTTTCT
None
TTTTGA
None
TTTTGC
None
TTTTGG
None
TTTTGT
None
TTTTTA
None
TTTTTC
None
TTTTTG
None
TTTTTT
None
[('ACGT', 1, 1.0, 0.0), ('TTTT', 1, 1.3333333333333333, -0.31622776601683783), ('TTTTT', 0, 0.5, 0)]
Motif	Actual Count	Expected Count	Z-score
TTTTT   	0	0.50	0.00
TTTT    	1	1.33	-0.32
ACGT    	1	1.00	0.00
