Motif	Actual Count	Expected Count	Z-score
ACTAC   	1	1.33	-0.29
ATGAC   	1	1.33	-0.29
ATTTA   	1	1.33	-0.29
TTTAT   	1	1.33	-0.29
TGAT    	1	1.88	-0.65
GGGG    	1	1.80	-0.60
ACGC    	1	1.50	-0.41
CCTA    	1	1.50	-0.41
TTTT    	1	1.50	-0.41
CGCA    	1	1.33	-0.29
GATG    	1	1.25	-0.23
GACC    	1	1.20	-0.18
GTGA    	1	1.20	-0.18
ACA     	1	3.33	-1.30
GGA     	1	2.11	-0.77
TAC     	2	3.21	-0.69
CAT     	1	1.71	-0.55
CGA     	1	1.68	-0.53
TAT     	2	2.57	-0.36
TGG     	1	1.32	-0.28
TAA     	1	1.29	-0.25
ATA     	3	3.27	-0.15
ACT     	2	2.22	-0.15
ATT     	2	2.18	-0.12
CAC     	2	2.14	-0.10
AGG     	1	1.05	-0.05
