	S	I0	M1	D1	I1	M2	D2	I2	M3	D3	I3	M4	D4	I4	M5	D5	I5	M6	D6	I6	M7	D7	I7	M8	D8	I8	E
S 	 0	0.01	0.98	0.01	0	0	0	0	0	0	0	0	0	0	0	0	0	0	0	0	0	0	0	0	0	0	0
I0 	 0	0.333	0.333	0.333	0	0	0	0	0	0	0	0	0	0	0	0	0	0	0	0	0	0	0	0	0	0	0
M1 	 0	0	0	0	0.01	0.786	0.204	0	0	0	0	0	0	0	0	0	0	0	0	0	0	0	0	0	0	0	0
D1 	 0	0	0	0	0.333	0.333	0.333	0	0	0	0	0	0	0	0	0	0	0	0	0	0	0	0	0	0	0	0
I1 	 0	0	0	0	0.333	0.333	0.333	0	0	0	0	0	0	0	0	0	0	0	0	0	0	0	0	0	0	0	0
M2 	 0	0	0	0	0	0	0	0.01	0.98	0.01	0	0	0	0	0	0	0	0	0	0	0	0	0	0	0	0	0
D2 	 0	0	0	0	0	0	0	0.01	0.01	0.98	0	0	0	0	0	0	0	0	0	0	0	0	0	0	0	0	0
I2 	 0	0	0	0	0	0	0	0.333	0.333	0.333	0	0	0	0	0	0	0	0	0	0	0	0	0	0	0	0	0
M3 	 0	0	0	0	0	0	0	0	0	0	0.01	0.98	0.01	0	0	0	0	0	0	0	0	0	0	0	0	0	0
D3 	 0	0	0	0	0	0	0	0	0	0	0.01	0.98	0.01	0	0	0	0	0	0	0	0	0	0	0	0	0	0
I3 	 0	0	0	0	0	0	0	0	0	0	0.333	0.333	0.333	0	0	0	0	0	0	0	0	0	0	0	0	0	0
M4 	 0	0	0	0	0	0	0	0	0	0	0	0	0	0.01	0.786	0.204	0	0	0	0	0	0	0	0	0	0	0
D4 	 0	0	0	0	0	0	0	0	0	0	0	0	0	0.333	0.333	0.333	0	0	0	0	0	0	0	0	0	0	0
I4 	 0	0	0	0	0	0	0	0	0	0	0	0	0	0.333	0.333	0.333	0	0	0	0	0	0	0	0	0	0	0
M5 	 0	0	0	0	0	0	0	0	0	0	0	0	0	0	0	0	0.738	0.253	0.01	0	0	0	0	0	0	0	0
D5 	 0	0	0	0	0	0	0	0	0	0	0	0	0	0	0	0	0.01	0.98	0.01	0	0	0	0	0	0	0	0
I5 	 0	0	0	0	0	0	0	0	0	0	0	0	0	0	0	0	0.398	0.592	0.01	0	0	0	0	0	0	0	0
M6 	 0	0	0	0	0	0	0	0	0	0	0	0	0	0	0	0	0	0	0	0.01	0.786	0.204	0	0	0	0	0
D6 	 0	0	0	0	0	0	0	0	0	0	0	0	0	0	0	0	0	0	0	0.333	0.333	0.333	0	0	0	0	0
I6 	 0	0	0	0	0	0	0	0	0	0	0	0	0	0	0	0	0	0	0	0.333	0.333	0.333	0	0	0	0	0
M7 	 0	0	0	0	0	0	0	0	0	0	0	0	0	0	0	0	0	0	0	0	0	0	0.01	0.98	0.01	0	0
D7 	 0	0	0	0	0	0	0	0	0	0	0	0	0	0	0	0	0	0	0	0	0	0	0.01	0.98	0.01	0	0
I7 	 0	0	0	0	0	0	0	0	0	0	0	0	0	0	0	0	0	0	0	0	0	0	0.333	0.333	0.333	0	0
M8 	 0	0	0	0	0	0	0	0	0	0	0	0	0	0	0	0	0	0	0	0	0	0	0	0	0	0.01	0.99
D8 	 0	0	0	0	0	0	0	0	0	0	0	0	0	0	0	0	0	0	0	0	0	0	0	0	0	0.5	0.5
I8 	 0	0	0	0	0	0	0	0	0	0	0	0	0	0	0	0	0	0	0	0	0	0	0	0	0	0.5	0.5
E 	 0	0	0	0	0	0	0	0	0	0	0	0	0	0	0	0	0	0	0	0	0	0	0	0	0	0	0
--------
	A	B	C	D	E	F
S 	 0	0	0	0	0	0
I0 	 0.167	0.167	0.167	0.167	0.167	0.167
M1 	 0.95	0.01	0.01	0.01	0.01	0.01
D1 	 0	0	0	0	0	0
I1 	 0.167	0.167	0.167	0.167	0.167	0.167
M2 	 0.01	0.01	0.48	0.245	0.01	0.245
D2 	 0	0	0	0	0	0
I2 	 0.167	0.167	0.167	0.167	0.167	0.167
M3 	 0.245	0.01	0.01	0.715	0.01	0.01
D3 	 0	0	0	0	0	0
I3 	 0.167	0.167	0.167	0.167	0.167	0.167
M4 	 0.198	0.01	0.01	0.01	0.762	0.01
D4 	 0	0	0	0	0	0
I4 	 0.167	0.167	0.167	0.167	0.167	0.167
M5 	 0.01	0.01	0.01	0.01	0.01	0.95
D5 	 0	0	0	0	0	0
I5 	 0.574	0.01	0.198	0.198	0.01	0.01
M6 	 0.574	0.01	0.198	0.01	0.01	0.198
D6 	 0	0	0	0	0	0
I6 	 0.167	0.167	0.167	0.167	0.167	0.167
M7 	 0.01	0.01	0.245	0.715	0.01	0.01
D7 	 0	0	0	0	0	0
I7 	 0.167	0.167	0.167	0.167	0.167	0.167
M8 	 0.01	0.01	0.386	0.01	0.01	0.574
D8 	 0	0	0	0	0	0
I8 	 0.167	0.167	0.167	0.167	0.167	0.167
E 	 0	0	0	0	0	0
